<?xml version="1.0" encoding="UTF-8"?>
<coverage generated="1781123090148" clover="3.2.0">
  <project timestamp="1781123090148" name="All files">
    <metrics statements="602" coveredstatements="589" conditionals="244" coveredconditionals="220" methods="41" coveredmethods="39" elements="887" coveredelements="848" complexity="0" loc="602" ncloc="602" packages="3" files="11" classes="11"/>
    <package name="src">
      <metrics statements="57" coveredstatements="51" conditionals="22" coveredconditionals="18" methods="6" coveredmethods="5"/>
      <file name="index.ts" path="/Users/alexhu/Documents/GitHub/Blind-Chess-Trainer/packages/chess-core/src/index.ts">
        <metrics statements="4" coveredstatements="0" conditionals="1" coveredconditionals="0" methods="1" coveredmethods="0"/>
        <line num="1" count="0" type="cond" truecount="0" falsecount="1"/>
        <line num="2" count="0" type="stmt"/>
        <line num="3" count="0" type="stmt"/>
        <line num="4" count="0" type="stmt"/>
      </file>
      <file name="normalize.ts" path="/Users/alexhu/Documents/GitHub/Blind-Chess-Trainer/packages/chess-core/src/normalize.ts">
        <metrics statements="18" coveredstatements="18" conditionals="9" coveredconditionals="9" methods="2" coveredmethods="2"/>
        <line num="1" count="1" type="stmt"/>
        <line num="5" count="1" type="cond" truecount="1" falsecount="0"/>
        <line num="6" count="8" type="stmt"/>
        <line num="7" count="8" type="cond" truecount="1" falsecount="0"/>
        <line num="8" count="6" type="stmt"/>
        <line num="9" count="6" type="cond" truecount="1" falsecount="0"/>
        <line num="10" count="2" type="stmt"/>
        <line num="11" count="2" type="stmt"/>
        <line num="13" count="1" type="cond" truecount="1" falsecount="0"/>
        <line num="14" count="8" type="stmt"/>
        <line num="15" count="8" type="cond" truecount="2" falsecount="0"/>
        <line num="16" count="4" type="stmt"/>
        <line num="17" count="4" type="stmt"/>
        <line num="18" count="8" type="cond" truecount="2" falsecount="0"/>
        <line num="19" count="3" type="stmt"/>
        <line num="20" count="3" type="cond" truecount="1" falsecount="0"/>
        <line num="21" count="1" type="stmt"/>
        <line num="22" count="1" type="stmt"/>
      </file>
      <file name="validate.ts" path="/Users/alexhu/Documents/GitHub/Blind-Chess-Trainer/packages/chess-core/src/validate.ts">
        <metrics statements="35" coveredstatements="33" conditionals="12" coveredconditionals="9" methods="3" coveredmethods="3"/>
        <line num="1" count="1" type="stmt"/>
        <line num="3" count="1" type="stmt"/>
        <line num="5" count="1" type="cond" truecount="1" falsecount="0"/>
        <line num="6" count="3" type="stmt"/>
        <line num="7" count="3" type="stmt"/>
        <line num="8" count="3" type="stmt"/>
        <line num="10" count="1" type="cond" truecount="1" falsecount="0"/>
        <line num="11" count="3" type="stmt"/>
        <line num="12" count="3" type="cond" truecount="1" falsecount="0"/>
        <line num="13" count="6" type="stmt"/>
        <line num="14" count="6" type="stmt"/>
        <line num="15" count="3" type="stmt"/>
        <line num="16" count="3" type="stmt"/>
        <line num="18" count="1" type="cond" truecount="1" falsecount="0"/>
        <line num="19" count="5" type="stmt"/>
        <line num="20" count="5" type="stmt"/>
        <line num="21" count="5" type="stmt"/>
        <line num="22" count="5" type="stmt"/>
        <line num="23" count="5" type="stmt"/>
        <line num="24" count="5" type="stmt"/>
        <line num="25" count="5" type="cond" truecount="1" falsecount="0"/>
        <line num="26" count="3" type="stmt"/>
        <line num="27" count="3" type="cond" truecount="0" falsecount="1"/>
        <line num="28" count="3" type="stmt"/>
        <line num="29" count="3" type="cond" truecount="1" falsecount="0"/>
        <line num="31" count="2" type="stmt"/>
        <line num="32" count="5" type="cond" truecount="1" falsecount="1"/>
        <line num="34" count="5" type="cond" truecount="2" falsecount="0"/>
        <line num="35" count="2" type="stmt"/>
        <line num="36" count="2" type="stmt"/>
        <line num="37" count="2" type="stmt"/>
        <line num="38" count="2" type="stmt"/>
        <line num="39" count="2" type="cond" truecount="0" falsecount="1"/>
        <line num="41" count="0" type="stmt"/>
        <line num="42" count="0" type="stmt"/>
      </file>
    </package>
    <package name="src.motifs">
      <metrics statements="545" coveredstatements="538" conditionals="221" coveredconditionals="201" methods="34" coveredmethods="33"/>
      <file name="discovered.ts" path="/Users/alexhu/Documents/GitHub/Blind-Chess-Trainer/packages/chess-core/src/motifs/discovered.ts">
        <metrics statements="117" coveredstatements="117" conditionals="46" coveredconditionals="36" methods="6" coveredmethods="6"/>
        <line num="2" count="1" type="stmt"/>
        <line num="3" count="1" type="stmt"/>
        <line num="4" count="1" type="stmt"/>
        <line num="12" count="1" type="stmt"/>
        <line num="13" count="1" type="stmt"/>
        <line num="21" count="7" type="cond" truecount="1" falsecount="0"/>
        <line num="22" count="7" type="stmt"/>
        <line num="23" count="7" type="stmt"/>
        <line num="24" count="7" type="cond" truecount="0" falsecount="1"/>
        <line num="26" count="7" type="stmt"/>
        <line num="28" count="7" type="cond" truecount="1" falsecount="0"/>
        <line num="29" count="448" type="stmt"/>
        <line num="30" count="448" type="stmt"/>
        <line num="31" count="448" type="cond" truecount="3" falsecount="0"/>
        <line num="33" count="6" type="stmt"/>
        <line num="34" count="6" type="cond" truecount="3" falsecount="0"/>
        <line num="35" count="6" type="stmt"/>
        <line num="36" count="6" type="cond" truecount="1" falsecount="1"/>
        <line num="38" count="6" type="stmt"/>
        <line num="39" count="448" type="cond" truecount="2" falsecount="0"/>
        <line num="40" count="6" type="stmt"/>
        <line num="41" count="6" type="stmt"/>
        <line num="42" count="448" type="stmt"/>
        <line num="44" count="7" type="stmt"/>
        <line num="45" count="7" type="stmt"/>
        <line num="47" count="4" type="cond" truecount="1" falsecount="0"/>
        <line num="48" count="4" type="stmt"/>
        <line num="49" count="4" type="stmt"/>
        <line num="50" count="4" type="stmt"/>
        <line num="52" count="4" type="stmt"/>
        <line num="53" count="4" type="stmt"/>
        <line num="54" count="4" type="stmt"/>
        <line num="55" count="4" type="stmt"/>
        <line num="57" count="4" type="stmt"/>
        <line num="58" count="4" type="cond" truecount="0" falsecount="1"/>
        <line num="60" count="4" type="stmt"/>
        <line num="61" count="4" type="cond" truecount="0" falsecount="1"/>
        <line num="63" count="4" type="stmt"/>
        <line num="64" count="4" type="stmt"/>
        <line num="65" count="4" type="stmt"/>
        <line num="66" count="4" type="stmt"/>
        <line num="68" count="6" type="cond" truecount="1" falsecount="0"/>
        <line num="69" count="6" type="stmt"/>
        <line num="70" count="6" type="stmt"/>
        <line num="71" count="6" type="stmt"/>
        <line num="72" count="6" type="stmt"/>
        <line num="73" count="6" type="stmt"/>
        <line num="74" count="6" type="stmt"/>
        <line num="75" count="6" type="cond" truecount="2" falsecount="0"/>
        <line num="76" count="6" type="cond" truecount="1" falsecount="1"/>
        <line num="77" count="4" type="stmt"/>
        <line num="78" count="6" type="stmt"/>
        <line num="80" count="6" type="cond" truecount="1" falsecount="0"/>
        <line num="81" count="6" type="stmt"/>
        <line num="82" count="6" type="stmt"/>
        <line num="83" count="6" type="stmt"/>
        <line num="84" count="6" type="stmt"/>
        <line num="85" count="6" type="stmt"/>
        <line num="86" count="6" type="stmt"/>
        <line num="88" count="1" type="cond" truecount="1" falsecount="0"/>
        <line num="89" count="7" type="stmt"/>
        <line num="90" count="7" type="stmt"/>
        <line num="91" count="7" type="stmt"/>
        <line num="92" count="7" type="stmt"/>
        <line num="93" count="7" type="stmt"/>
        <line num="94" count="7" type="cond" truecount="0" falsecount="1"/>
        <line num="96" count="7" type="stmt"/>
        <line num="97" count="7" type="stmt"/>
        <line num="98" count="7" type="cond" truecount="0" falsecount="1"/>
        <line num="100" count="7" type="stmt"/>
        <line num="101" count="7" type="cond" truecount="2" falsecount="0"/>
        <line num="103" count="5" type="stmt"/>
        <line num="104" count="5" type="stmt"/>
        <line num="105" count="5" type="cond" truecount="3" falsecount="0"/>
        <line num="106" count="5" type="cond" truecount="1" falsecount="0"/>
        <line num="107" count="5" type="stmt"/>
        <line num="109" count="5" type="stmt"/>
        <line num="111" count="7" type="cond" truecount="1" falsecount="0"/>
        <line num="112" count="23" type="stmt"/>
        <line num="114" count="23" type="cond" truecount="1" falsecount="0"/>
        <line num="115" count="6" type="cond" truecount="0" falsecount="1"/>
        <line num="116" count="6" type="cond" truecount="0" falsecount="1"/>
        <line num="118" count="6" type="cond" truecount="1" falsecount="0"/>
        <line num="119" count="6" type="stmt"/>
        <line num="120" count="6" type="stmt"/>
        <line num="121" count="6" type="cond" truecount="2" falsecount="0"/>
        <line num="123" count="6" type="cond" truecount="1" falsecount="0"/>
        <line num="125" count="6" type="stmt"/>
        <line num="126" count="6" type="stmt"/>
        <line num="127" count="6" type="stmt"/>
        <line num="128" count="6" type="cond" truecount="2" falsecount="0"/>
        <line num="129" count="6" type="stmt"/>
        <line num="130" count="6" type="stmt"/>
        <line num="131" count="6" type="stmt"/>
        <line num="132" count="6" type="stmt"/>
        <line num="133" count="6" type="stmt"/>
        <line num="134" count="6" type="stmt"/>
        <line num="135" count="23" type="cond" truecount="1" falsecount="0"/>
        <line num="137" count="5" type="stmt"/>
        <line num="138" count="5" type="stmt"/>
        <line num="140" count="1" type="cond" truecount="1" falsecount="0"/>
        <line num="141" count="2" type="stmt"/>
        <line num="142" count="2" type="stmt"/>
        <line num="143" count="2" type="stmt"/>
        <line num="144" count="2" type="stmt"/>
        <line num="146" count="2" type="stmt"/>
        <line num="147" count="2" type="stmt"/>
        <line num="148" count="2" type="stmt"/>
        <line num="150" count="2" type="cond" truecount="2" falsecount="0"/>
        <line num="151" count="12" type="stmt"/>
        <line num="152" count="12" type="cond" truecount="0" falsecount="1"/>
        <line num="153" count="12" type="stmt"/>
        <line num="154" count="12" type="stmt"/>
        <line num="155" count="12" type="stmt"/>
        <line num="156" count="12" type="stmt"/>
        <line num="158" count="2" type="stmt"/>
        <line num="159" count="2" type="stmt"/>
      </file>
      <file name="divergent.ts" path="/Users/alexhu/Documents/GitHub/Blind-Chess-Trainer/packages/chess-core/src/motifs/divergent.ts">
        <metrics statements="106" coveredstatements="105" conditionals="45" coveredconditionals="40" methods="5" coveredmethods="5"/>
        <line num="10" count="1" type="stmt"/>
        <line num="12" count="1" type="stmt"/>
        <line num="13" count="1" type="stmt"/>
        <line num="14" count="1" type="stmt"/>
        <line num="15" count="1" type="stmt"/>
        <line num="17" count="136" type="cond" truecount="1" falsecount="0"/>
        <line num="18" count="136" type="stmt"/>
        <line num="19" count="136" type="stmt"/>
        <line num="20" count="136" type="stmt"/>
        <line num="21" count="136" type="stmt"/>
        <line num="22" count="136" type="stmt"/>
        <line num="23" count="136" type="cond" truecount="1" falsecount="0"/>
        <line num="24" count="136" type="stmt"/>
        <line num="26" count="1" type="cond" truecount="1" falsecount="0"/>
        <line num="27" count="15" type="stmt"/>
        <line num="28" count="15" type="cond" truecount="2" falsecount="0"/>
        <line num="30" count="14" type="stmt"/>
        <line num="31" count="14" type="stmt"/>
        <line num="33" count="15" type="cond" truecount="1" falsecount="0"/>
        <line num="34" count="62" type="stmt"/>
        <line num="36" count="62" type="cond" truecount="1" falsecount="0"/>
        <line num="37" count="286" type="cond" truecount="2" falsecount="0"/>
        <line num="38" count="136" type="cond" truecount="2" falsecount="0"/>
        <line num="39" count="29" type="stmt"/>
        <line num="40" count="29" type="stmt"/>
        <line num="42" count="62" type="cond" truecount="2" falsecount="0"/>
        <line num="44" count="6" type="cond" truecount="1" falsecount="0"/>
        <line num="46" count="6" type="stmt"/>
        <line num="47" count="6" type="stmt"/>
        <line num="48" count="6" type="stmt"/>
        <line num="49" count="62" type="cond" truecount="2" falsecount="0"/>
        <line num="50" count="62" type="stmt"/>
        <line num="51" count="62" type="stmt"/>
        <line num="52" count="62" type="stmt"/>
        <line num="53" count="62" type="stmt"/>
        <line num="54" count="62" type="cond" truecount="1" falsecount="0"/>
        <line num="56" count="14" type="stmt"/>
        <line num="57" count="14" type="stmt"/>
        <line num="59" count="1" type="cond" truecount="1" falsecount="0"/>
        <line num="60" count="14" type="stmt"/>
        <line num="61" count="14" type="stmt"/>
        <line num="62" count="14" type="stmt"/>
        <line num="63" count="14" type="stmt"/>
        <line num="64" count="14" type="cond" truecount="0" falsecount="1"/>
        <line num="66" count="14" type="stmt"/>
        <line num="68" count="14" type="cond" truecount="1" falsecount="0"/>
        <line num="69" count="58" type="stmt"/>
        <line num="70" count="58" type="cond" truecount="2" falsecount="0"/>
        <line num="71" count="14" type="stmt"/>
        <line num="72" count="14" type="stmt"/>
        <line num="73" count="14" type="stmt"/>
        <line num="74" count="14" type="stmt"/>
        <line num="75" count="14" type="stmt"/>
        <line num="76" count="14" type="stmt"/>
        <line num="77" count="14" type="stmt"/>
        <line num="78" count="14" type="stmt"/>
        <line num="79" count="58" type="stmt"/>
        <line num="81" count="14" type="stmt"/>
        <line num="82" count="14" type="stmt"/>
        <line num="84" count="1" type="cond" truecount="1" falsecount="0"/>
        <line num="85" count="14" type="stmt"/>
        <line num="86" count="14" type="stmt"/>
        <line num="87" count="14" type="stmt"/>
        <line num="88" count="14" type="stmt"/>
        <line num="89" count="14" type="cond" truecount="0" falsecount="1"/>
        <line num="91" count="14" type="stmt"/>
        <line num="93" count="14" type="cond" truecount="1" falsecount="0"/>
        <line num="94" count="65" type="stmt"/>
        <line num="95" count="65" type="cond" truecount="2" falsecount="0"/>
        <line num="96" count="30" type="cond" truecount="3" falsecount="0"/>
        <line num="98" count="14" type="stmt"/>
        <line num="99" count="14" type="stmt"/>
        <line num="100" count="30" type="cond" truecount="1" falsecount="0"/>
        <line num="101" count="65" type="stmt"/>
        <line num="102" count="65" type="stmt"/>
        <line num="103" count="65" type="stmt"/>
        <line num="105" count="14" type="stmt"/>
        <line num="107" count="14" type="cond" truecount="1" falsecount="0"/>
        <line num="108" count="12" type="cond" truecount="2" falsecount="0"/>
        <line num="110" count="2" type="cond" truecount="1" falsecount="0"/>
        <line num="111" count="2" type="cond" truecount="1" falsecount="1"/>
        <line num="112" count="0" type="stmt"/>
        <line num="114" count="12" type="stmt"/>
        <line num="115" count="12" type="cond" truecount="1" falsecount="1"/>
        <line num="116" count="12" type="cond" truecount="2" falsecount="1"/>
        <line num="118" count="2" type="stmt"/>
        <line num="119" count="2" type="cond" truecount="1" falsecount="0"/>
        <line num="120" count="2" type="cond" truecount="1" falsecount="0"/>
        <line num="122" count="2" type="stmt"/>
        <line num="123" count="2" type="stmt"/>
        <line num="124" count="2" type="stmt"/>
        <line num="125" count="2" type="stmt"/>
        <line num="126" count="2" type="stmt"/>
        <line num="127" count="2" type="stmt"/>
        <line num="128" count="2" type="stmt"/>
        <line num="129" count="2" type="stmt"/>
        <line num="130" count="2" type="stmt"/>
        <line num="132" count="14" type="stmt"/>
        <line num="133" count="14" type="stmt"/>
        <line num="135" count="1" type="cond" truecount="1" falsecount="0"/>
        <line num="136" count="1" type="stmt"/>
        <line num="137" count="1" type="stmt"/>
        <line num="138" count="1" type="stmt"/>
        <line num="139" count="1" type="stmt"/>
        <line num="140" count="1" type="stmt"/>
        <line num="141" count="1" type="stmt"/>
      </file>
      <file name="index.ts" path="/Users/alexhu/Documents/GitHub/Blind-Chess-Trainer/packages/chess-core/src/motifs/index.ts">
        <metrics statements="24" coveredstatements="24" conditionals="5" coveredconditionals="5" methods="1" coveredmethods="1"/>
        <line num="2" count="1" type="stmt"/>
        <line num="3" count="1" type="stmt"/>
        <line num="4" count="1" type="stmt"/>
        <line num="9" count="1" type="stmt"/>
        <line num="10" count="1" type="stmt"/>
        <line num="12" count="1" type="cond" truecount="1" falsecount="0"/>
        <line num="13" count="10" type="stmt"/>
        <line num="14" count="10" type="cond" truecount="2" falsecount="0"/>
        <line num="16" count="9" type="stmt"/>
        <line num="17" count="9" type="stmt"/>
        <line num="18" count="9" type="stmt"/>
        <line num="19" count="9" type="stmt"/>
        <line num="20" count="9" type="stmt"/>
        <line num="21" count="9" type="stmt"/>
        <line num="23" count="10" type="cond" truecount="1" falsecount="0"/>
        <line num="24" count="2" type="stmt"/>
        <line num="25" count="2" type="cond" truecount="1" falsecount="0"/>
        <line num="27" count="9" type="stmt"/>
        <line num="28" count="9" type="stmt"/>
        <line num="30" count="1" type="stmt"/>
        <line num="31" count="1" type="stmt"/>
        <line num="32" count="1" type="stmt"/>
        <line num="38" count="1" type="stmt"/>
        <line num="39" count="1" type="stmt"/>
      </file>
      <file name="influence.ts" path="/Users/alexhu/Documents/GitHub/Blind-Chess-Trainer/packages/chess-core/src/motifs/influence.ts">
        <metrics statements="41" coveredstatements="41" conditionals="17" coveredconditionals="17" methods="5" coveredmethods="5"/>
        <line num="1" count="1" type="stmt"/>
        <line num="3" count="1" type="stmt"/>
        <line num="7" count="50" type="cond" truecount="1" falsecount="0"/>
        <line num="8" count="50" type="stmt"/>
        <line num="9" count="50" type="cond" truecount="1" falsecount="0"/>
        <line num="10" count="3200" type="stmt"/>
        <line num="11" count="3200" type="stmt"/>
        <line num="12" count="50" type="stmt"/>
        <line num="13" count="50" type="stmt"/>
        <line num="15" count="1" type="cond" truecount="1" falsecount="0"/>
        <line num="16" count="53" type="stmt"/>
        <line num="17" count="53" type="cond" truecount="2" falsecount="0"/>
        <line num="19" count="50" type="stmt"/>
        <line num="20" count="50" type="stmt"/>
        <line num="22" count="53" type="cond" truecount="1" falsecount="0"/>
        <line num="23" count="221" type="stmt"/>
        <line num="25" count="221" type="cond" truecount="1" falsecount="0"/>
        <line num="26" count="1687" type="stmt"/>
        <line num="27" count="1687" type="cond" truecount="2" falsecount="0"/>
        <line num="29" count="162" type="stmt"/>
        <line num="30" count="1687" type="cond" truecount="1" falsecount="0"/>
        <line num="31" count="83" type="stmt"/>
        <line num="32" count="1687" type="cond" truecount="1" falsecount="0"/>
        <line num="33" count="79" type="stmt"/>
        <line num="34" count="79" type="stmt"/>
        <line num="35" count="1687" type="stmt"/>
        <line num="36" count="221" type="cond" truecount="1" falsecount="0"/>
        <line num="38" count="50" type="stmt"/>
        <line num="39" count="50" type="stmt"/>
        <line num="41" count="1" type="cond" truecount="1" falsecount="0"/>
        <line num="42" count="1" type="cond" truecount="1" falsecount="0"/>
        <line num="43" count="1" type="stmt"/>
        <line num="45" count="1" type="cond" truecount="1" falsecount="0"/>
        <line num="46" count="21" type="cond" truecount="1" falsecount="0"/>
        <line num="47" count="21" type="stmt"/>
        <line num="49" count="1" type="cond" truecount="1" falsecount="0"/>
        <line num="50" count="1" type="stmt"/>
        <line num="51" count="1" type="stmt"/>
        <line num="52" count="1" type="stmt"/>
        <line num="53" count="1" type="stmt"/>
        <line num="54" count="1" type="stmt"/>
      </file>
      <file name="linear.ts" path="/Users/alexhu/Documents/GitHub/Blind-Chess-Trainer/packages/chess-core/src/motifs/linear.ts">
        <metrics statements="107" coveredstatements="107" conditionals="39" coveredconditionals="36" methods="5" coveredmethods="5"/>
        <line num="3" count="1" type="stmt"/>
        <line num="13" count="1" type="stmt"/>
        <line num="15" count="1" type="stmt"/>
        <line num="16" count="1" type="stmt"/>
        <line num="18" count="140" type="cond" truecount="1" falsecount="0"/>
        <line num="19" count="140" type="stmt"/>
        <line num="20" count="140" type="stmt"/>
        <line num="21" count="140" type="stmt"/>
        <line num="22" count="140" type="stmt"/>
        <line num="23" count="140" type="stmt"/>
        <line num="24" count="140" type="stmt"/>
        <line num="25" count="140" type="stmt"/>
        <line num="26" count="140" type="stmt"/>
        <line num="27" count="140" type="stmt"/>
        <line num="29" count="140" type="cond" truecount="1" falsecount="0"/>
        <line num="30" count="468" type="stmt"/>
        <line num="31" count="468" type="cond" truecount="2" falsecount="0"/>
        <line num="33" count="365" type="stmt"/>
        <line num="34" count="468" type="cond" truecount="1" falsecount="0"/>
        <line num="35" count="37" type="stmt"/>
        <line num="36" count="37" type="stmt"/>
        <line num="37" count="37" type="cond" truecount="1" falsecount="0"/>
        <line num="39" count="328" type="stmt"/>
        <line num="40" count="328" type="stmt"/>
        <line num="41" count="328" type="stmt"/>
        <line num="43" count="140" type="stmt"/>
        <line num="44" count="140" type="stmt"/>
        <line num="46" count="21" type="cond" truecount="1" falsecount="0"/>
        <line num="47" count="21" type="stmt"/>
        <line num="48" count="21" type="stmt"/>
        <line num="49" count="21" type="stmt"/>
        <line num="50" count="21" type="stmt"/>
        <line num="51" count="21" type="stmt"/>
        <line num="52" count="21" type="stmt"/>
        <line num="53" count="21" type="stmt"/>
        <line num="54" count="21" type="stmt"/>
        <line num="56" count="21" type="cond" truecount="1" falsecount="0"/>
        <line num="57" count="37" type="stmt"/>
        <line num="58" count="37" type="cond" truecount="2" falsecount="0"/>
        <line num="60" count="29" type="stmt"/>
        <line num="61" count="37" type="cond" truecount="1" falsecount="0"/>
        <line num="62" count="13" type="stmt"/>
        <line num="63" count="13" type="cond" truecount="1" falsecount="0"/>
        <line num="65" count="16" type="stmt"/>
        <line num="66" count="16" type="stmt"/>
        <line num="67" count="16" type="stmt"/>
        <line num="68" count="21" type="stmt"/>
        <line num="70" count="82" type="cond" truecount="1" falsecount="0"/>
        <line num="71" count="82" type="cond" truecount="2" falsecount="0"/>
        <line num="72" count="82" type="stmt"/>
        <line num="74" count="21" type="cond" truecount="1" falsecount="0"/>
        <line num="75" count="21" type="stmt"/>
        <line num="76" count="21" type="stmt"/>
        <line num="78" count="1" type="cond" truecount="1" falsecount="0"/>
        <line num="79" count="20" type="stmt"/>
        <line num="80" count="20" type="cond" truecount="0" falsecount="1"/>
        <line num="82" count="20" type="stmt"/>
        <line num="83" count="20" type="cond" truecount="1" falsecount="0"/>
        <line num="85" count="20" type="cond" truecount="1" falsecount="0"/>
        <line num="86" count="27" type="stmt"/>
        <line num="88" count="27" type="cond" truecount="1" falsecount="0"/>
        <line num="89" count="140" type="stmt"/>
        <line num="90" count="140" type="cond" truecount="2" falsecount="0"/>
        <line num="92" count="37" type="stmt"/>
        <line num="93" count="37" type="cond" truecount="2" falsecount="0"/>
        <line num="94" count="21" type="cond" truecount="1" falsecount="1"/>
        <line num="96" count="21" type="stmt"/>
        <line num="97" count="21" type="stmt"/>
        <line num="98" count="21" type="cond" truecount="2" falsecount="0"/>
        <line num="100" count="13" type="stmt"/>
        <line num="101" count="13" type="cond" truecount="1" falsecount="1"/>
        <line num="103" count="13" type="stmt"/>
        <line num="104" count="13" type="stmt"/>
        <line num="106" count="140" type="cond" truecount="1" falsecount="0"/>
        <line num="107" count="9" type="stmt"/>
        <line num="108" count="9" type="stmt"/>
        <line num="109" count="9" type="stmt"/>
        <line num="110" count="9" type="cond" truecount="2" falsecount="0"/>
        <line num="112" count="9" type="cond" truecount="2" falsecount="0"/>
        <line num="113" count="9" type="stmt"/>
        <line num="114" count="9" type="stmt"/>
        <line num="115" count="9" type="stmt"/>
        <line num="116" count="9" type="stmt"/>
        <line num="117" count="9" type="stmt"/>
        <line num="118" count="9" type="stmt"/>
        <line num="119" count="9" type="stmt"/>
        <line num="120" count="9" type="stmt"/>
        <line num="121" count="9" type="stmt"/>
        <line num="122" count="9" type="stmt"/>
        <line num="123" count="9" type="cond" truecount="1" falsecount="0"/>
        <line num="124" count="4" type="stmt"/>
        <line num="125" count="4" type="cond" truecount="1" falsecount="0"/>
        <line num="126" count="4" type="cond" truecount="1" falsecount="0"/>
        <line num="127" count="3" type="stmt"/>
        <line num="128" count="3" type="stmt"/>
        <line num="129" count="3" type="stmt"/>
        <line num="130" count="3" type="stmt"/>
        <line num="131" count="3" type="stmt"/>
        <line num="132" count="3" type="stmt"/>
        <line num="133" count="3" type="stmt"/>
        <line num="134" count="3" type="stmt"/>
        <line num="135" count="3" type="stmt"/>
        <line num="136" count="3" type="stmt"/>
        <line num="137" count="140" type="stmt"/>
        <line num="138" count="27" type="stmt"/>
        <line num="140" count="20" type="stmt"/>
        <line num="141" count="20" type="stmt"/>
      </file>
      <file name="primitives.ts" path="/Users/alexhu/Documents/GitHub/Blind-Chess-Trainer/packages/chess-core/src/motifs/primitives.ts">
        <metrics statements="117" coveredstatements="113" conditionals="50" coveredconditionals="49" methods="10" coveredmethods="9"/>
        <line num="1" count="1" type="stmt"/>
        <line num="2" count="1" type="stmt"/>
        <line num="5" count="1" type="stmt"/>
        <line num="6" count="1" type="stmt"/>
        <line num="7" count="1" type="stmt"/>
        <line num="8" count="1" type="stmt"/>
        <line num="9" count="1" type="stmt"/>
        <line num="10" count="1" type="stmt"/>
        <line num="11" count="1" type="stmt"/>
        <line num="12" count="1" type="stmt"/>
        <line num="16" count="1" type="stmt"/>
        <line num="18" count="1" type="stmt"/>
        <line num="19" count="1" type="stmt"/>
        <line num="20" count="1" type="stmt"/>
        <line num="22" count="1" type="stmt"/>
        <line num="23" count="1" type="stmt"/>
        <line num="24" count="1" type="stmt"/>
        <line num="26" count="1" type="stmt"/>
        <line num="27" count="1" type="stmt"/>
        <line num="28" count="1" type="stmt"/>
        <line num="29" count="1" type="stmt"/>
        <line num="31" count="1" type="stmt"/>
        <line num="32" count="1" type="stmt"/>
        <line num="33" count="1" type="stmt"/>
        <line num="34" count="1" type="stmt"/>
        <line num="36" count="1" type="cond" truecount="1" falsecount="0"/>
        <line num="37" count="637" type="stmt"/>
        <line num="38" count="637" type="stmt"/>
        <line num="40" count="1" type="cond" truecount="1" falsecount="0"/>
        <line num="41" count="299" type="stmt"/>
        <line num="42" count="299" type="stmt"/>
        <line num="43" count="299" type="stmt"/>
        <line num="44" count="299" type="stmt"/>
        <line num="46" count="1" type="cond" truecount="1" falsecount="0"/>
        <line num="47" count="2925" type="cond" truecount="5" falsecount="0"/>
        <line num="48" count="2180" type="stmt"/>
        <line num="49" count="2180" type="stmt"/>
        <line num="51" count="1" type="cond" truecount="1" falsecount="0"/>
        <line num="52" count="149" type="stmt"/>
        <line num="53" count="149" type="stmt"/>
        <line num="54" count="149" type="stmt"/>
        <line num="56" count="149" type="cond" truecount="1" falsecount="0"/>
        <line num="57" count="9216" type="stmt"/>
        <line num="58" count="9216" type="cond" truecount="1" falsecount="0"/>
        <line num="59" count="637" type="stmt"/>
        <line num="60" count="9216" type="cond" truecount="1" falsecount="0"/>
        <line num="61" count="8579" type="stmt"/>
        <line num="62" count="8579" type="stmt"/>
        <line num="63" count="9216" type="cond" truecount="1" falsecount="0"/>
        <line num="65" count="144" type="stmt"/>
        <line num="66" count="149" type="cond" truecount="1" falsecount="0"/>
        <line num="67" count="5" type="stmt"/>
        <line num="68" count="5" type="stmt"/>
        <line num="69" count="149" type="stmt"/>
        <line num="71" count="1" type="cond" truecount="1" falsecount="0"/>
        <line num="72" count="105" type="cond" truecount="3" falsecount="0"/>
        <line num="73" count="104" type="cond" truecount="3" falsecount="0"/>
        <line num="74" count="36" type="cond" truecount="0" falsecount="1"/>
        <line num="75" count="0" type="stmt"/>
        <line num="76" count="0" type="stmt"/>
        <line num="78" count="39" type="cond" truecount="1" falsecount="0"/>
        <line num="79" count="39" type="cond" truecount="2" falsecount="0"/>
        <line num="80" count="39" type="stmt"/>
        <line num="81" count="39" type="stmt"/>
        <line num="83" count="1" type="cond" truecount="1" falsecount="0"/>
        <line num="84" count="234" type="stmt"/>
        <line num="85" count="234" type="stmt"/>
        <line num="86" count="234" type="stmt"/>
        <line num="87" count="234" type="stmt"/>
        <line num="88" count="234" type="stmt"/>
        <line num="90" count="234" type="cond" truecount="1" falsecount="0"/>
        <line num="91" count="17" type="cond" truecount="1" falsecount="0"/>
        <line num="92" count="136" type="stmt"/>
        <line num="93" count="136" type="cond" truecount="1" falsecount="0"/>
        <line num="94" count="136" type="stmt"/>
        <line num="95" count="17" type="stmt"/>
        <line num="96" count="17" type="cond" truecount="1" falsecount="0"/>
        <line num="98" count="234" type="cond" truecount="1" falsecount="0"/>
        <line num="99" count="100" type="cond" truecount="1" falsecount="0"/>
        <line num="100" count="800" type="stmt"/>
        <line num="101" count="800" type="cond" truecount="1" falsecount="0"/>
        <line num="102" count="800" type="stmt"/>
        <line num="103" count="100" type="stmt"/>
        <line num="104" count="100" type="cond" truecount="1" falsecount="0"/>
        <line num="106" count="234" type="cond" truecount="1" falsecount="0"/>
        <line num="107" count="39" type="cond" truecount="1" falsecount="0"/>
        <line num="108" count="78" type="stmt"/>
        <line num="109" count="78" type="cond" truecount="1" falsecount="0"/>
        <line num="110" count="78" type="stmt"/>
        <line num="111" count="39" type="stmt"/>
        <line num="112" count="39" type="cond" truecount="1" falsecount="0"/>
        <line num="114" count="234" type="cond" truecount="1" falsecount="0"/>
        <line num="115" count="424" type="stmt"/>
        <line num="116" count="424" type="stmt"/>
        <line num="118" count="424" type="cond" truecount="1" falsecount="0"/>
        <line num="119" count="1392" type="stmt"/>
        <line num="120" count="1392" type="cond" truecount="2" falsecount="0"/>
        <line num="122" count="1074" type="stmt"/>
        <line num="123" count="1074" type="cond" truecount="2" falsecount="0"/>
        <line num="125" count="968" type="stmt"/>
        <line num="126" count="968" type="stmt"/>
        <line num="127" count="968" type="stmt"/>
        <line num="128" count="424" type="cond" truecount="1" falsecount="0"/>
        <line num="130" count="78" type="stmt"/>
        <line num="131" count="78" type="stmt"/>
        <line num="133" count="1" type="cond" truecount="1" falsecount="0"/>
        <line num="134" count="29" type="stmt"/>
        <line num="135" count="29" type="stmt"/>
        <line num="137" count="1" type="stmt"/>
        <line num="138" count="0" type="stmt"/>
        <line num="139" count="0" type="stmt"/>
        <line num="141" count="1" type="cond" truecount="1" falsecount="0"/>
        <line num="142" count="130" type="cond" truecount="1" falsecount="0"/>
        <line num="143" count="8320" type="stmt"/>
        <line num="144" count="8320" type="cond" truecount="2" falsecount="0"/>
        <line num="145" count="130" type="stmt"/>
        <line num="146" count="130" type="stmt"/>
      </file>
      <file name="sorter.ts" path="/Users/alexhu/Documents/GitHub/Blind-Chess-Trainer/packages/chess-core/src/motifs/sorter.ts">
        <metrics statements="33" coveredstatements="31" conditionals="19" coveredconditionals="18" methods="2" coveredmethods="2"/>
        <line num="2" count="1" type="stmt"/>
        <line num="4" count="12" type="cond" truecount="1" falsecount="0"/>
        <line num="5" count="12" type="stmt"/>
        <line num="7" count="12" type="stmt"/>
        <line num="8" count="12" type="cond" truecount="1" falsecount="0"/>
        <line num="9" count="2" type="stmt"/>
        <line num="10" count="2" type="stmt"/>
        <line num="11" count="12" type="cond" truecount="1" falsecount="0"/>
        <line num="12" count="2" type="stmt"/>
        <line num="13" count="2" type="stmt"/>
        <line num="14" count="12" type="cond" truecount="0" falsecount="1"/>
        <line num="15" count="0" type="stmt"/>
        <line num="16" count="0" type="stmt"/>
        <line num="17" count="12" type="cond" truecount="1" falsecount="0"/>
        <line num="18" count="4" type="stmt"/>
        <line num="19" count="4" type="stmt"/>
        <line num="20" count="12" type="cond" truecount="1" falsecount="0"/>
        <line num="21" count="2" type="stmt"/>
        <line num="22" count="2" type="stmt"/>
        <line num="23" count="12" type="cond" truecount="1" falsecount="0"/>
        <line num="24" count="2" type="stmt"/>
        <line num="25" count="2" type="stmt"/>
        <line num="26" count="12" type="stmt"/>
        <line num="28" count="12" type="cond" truecount="1" falsecount="0"/>
        <line num="29" count="12" type="stmt"/>
        <line num="31" count="1" type="cond" truecount="1" falsecount="0"/>
        <line num="32" count="17" type="cond" truecount="2" falsecount="0"/>
        <line num="34" count="15" type="cond" truecount="1" falsecount="0"/>
        <line num="35" count="14" type="cond" truecount="2" falsecount="0"/>
        <line num="36" count="14" type="cond" truecount="3" falsecount="0"/>
        <line num="37" count="14" type="cond" truecount="2" falsecount="0"/>
        <line num="38" count="15" type="stmt"/>
        <line num="39" count="15" type="stmt"/>
      </file>
    </package>
    <package name="src.types">
      <metrics statements="0" coveredstatements="0" conditionals="1" coveredconditionals="1" methods="1" coveredmethods="1"/>
      <file name="motifs.ts" path="/Users/alexhu/Documents/GitHub/Blind-Chess-Trainer/packages/chess-core/src/types/motifs.ts">
        <metrics statements="0" coveredstatements="0" conditionals="1" coveredconditionals="1" methods="1" coveredmethods="1"/>
      </file>
    </package>
  </project>
</coverage>
