{"/Users/alexhu/Documents/GitHub/Blind-Chess-Trainer/packages/chess-core/src/index.ts": {"path":"/Users/alexhu/Documents/GitHub/Blind-Chess-Trainer/packages/chess-core/src/index.ts","all":true,"statementMap":{"0":{"start":{"line":1,"column":0},"end":{"line":1,"column":28}},"1":{"start":{"line":2,"column":0},"end":{"line":2,"column":27}},"2":{"start":{"line":3,"column":0},"end":{"line":3,"column":31}},"3":{"start":{"line":4,"column":0},"end":{"line":4,"column":25}}},"s":{"0":0,"1":0,"2":0,"3":0},"branchMap":{"0":{"type":"branch","line":1,"loc":{"start":{"line":1,"column":114},"end":{"line":4,"column":25}},"locations":[{"start":{"line":1,"column":114},"end":{"line":4,"column":25}}]}},"b":{"0":[0]},"fnMap":{"0":{"name":"(empty-report)","decl":{"start":{"line":1,"column":114},"end":{"line":4,"column":25}},"loc":{"start":{"line":1,"column":114},"end":{"line":4,"column":25}},"line":1}},"f":{"0":0}}
,"/Users/alexhu/Documents/GitHub/Blind-Chess-Trainer/packages/chess-core/src/normalize.ts": {"path":"/Users/alexhu/Documents/GitHub/Blind-Chess-Trainer/packages/chess-core/src/normalize.ts","all":false,"statementMap":{"0":{"start":{"line":1,"column":0},"end":{"line":1,"column":58}},"4":{"start":{"line":5,"column":0},"end":{"line":5,"column":72}},"5":{"start":{"line":6,"column":0},"end":{"line":6,"column":45}},"6":{"start":{"line":7,"column":0},"end":{"line":7,"column":26}},"7":{"start":{"line":8,"column":0},"end":{"line":8,"column":40}},"8":{"start":{"line":9,"column":0},"end":{"line":9,"column":3}},"9":{"start":{"line":10,"column":0},"end":{"line":10,"column":57}},"10":{"start":{"line":11,"column":0},"end":{"line":11,"column":1}},"12":{"start":{"line":13,"column":0},"end":{"line":13,"column":77}},"13":{"start":{"line":14,"column":0},"end":{"line":14,"column":45}},"14":{"start":{"line":15,"column":0},"end":{"line":15,"column":45}},"15":{"start":{"line":16,"column":0},"end":{"line":16,"column":38}},"16":{"start":{"line":17,"column":0},"end":{"line":17,"column":3}},"17":{"start":{"line":18,"column":0},"end":{"line":18,"column":44}},"18":{"start":{"line":19,"column":0},"end":{"line":19,"column":37}},"19":{"start":{"line":20,"column":0},"end":{"line":20,"column":3}},"20":{"start":{"line":21,"column":0},"end":{"line":21,"column":58}},"21":{"start":{"line":22,"column":0},"end":{"line":22,"column":1}}},"s":{"0":1,"4":1,"5":8,"6":8,"7":6,"8":6,"9":2,"10":2,"12":1,"13":8,"14":8,"15":4,"16":4,"17":8,"18":3,"19":3,"20":1,"21":1},"branchMap":{"0":{"type":"branch","line":5,"loc":{"start":{"line":5,"column":7},"end":{"line":11,"column":1}},"locations":[{"start":{"line":5,"column":7},"end":{"line":11,"column":1}}]},"1":{"type":"branch","line":7,"loc":{"start":{"line":7,"column":25},"end":{"line":9,"column":3}},"locations":[{"start":{"line":7,"column":25},"end":{"line":9,"column":3}}]},"2":{"type":"branch","line":9,"loc":{"start":{"line":9,"column":2},"end":{"line":11,"column":1}},"locations":[{"start":{"line":9,"column":2},"end":{"line":11,"column":1}}]},"3":{"type":"branch","line":13,"loc":{"start":{"line":13,"column":7},"end":{"line":22,"column":1}},"locations":[{"start":{"line":13,"column":7},"end":{"line":22,"column":1}}]},"4":{"type":"branch","line":15,"loc":{"start":{"line":15,"column":18},"end":{"line":15,"column":44}},"locations":[{"start":{"line":15,"column":18},"end":{"line":15,"column":44}}]},"5":{"type":"branch","line":15,"loc":{"start":{"line":15,"column":44},"end":{"line":18,"column":26}},"locations":[{"start":{"line":15,"column":44},"end":{"line":18,"column":26}}]},"6":{"type":"branch","line":18,"loc":{"start":{"line":18,"column":18},"end":{"line":18,"column":43}},"locations":[{"start":{"line":18,"column":18},"end":{"line":18,"column":43}}]},"7":{"type":"branch","line":18,"loc":{"start":{"line":18,"column":43},"end":{"line":20,"column":3}},"locations":[{"start":{"line":18,"column":43},"end":{"line":20,"column":3}}]},"8":{"type":"branch","line":20,"loc":{"start":{"line":20,"column":2},"end":{"line":22,"column":1}},"locations":[{"start":{"line":20,"column":2},"end":{"line":22,"column":1}}]}},"b":{"0":[8],"1":[6],"2":[2],"3":[8],"4":[5],"5":[4],"6":[2],"7":[3],"8":[1]},"fnMap":{"0":{"name":"normalizeSquare","decl":{"start":{"line":5,"column":7},"end":{"line":11,"column":1}},"loc":{"start":{"line":5,"column":7},"end":{"line":11,"column":1}},"line":5},"1":{"name":"normalizeYesNo","decl":{"start":{"line":13,"column":7},"end":{"line":22,"column":1}},"loc":{"start":{"line":13,"column":7},"end":{"line":22,"column":1}},"line":13}},"f":{"0":8,"1":8}}
,"/Users/alexhu/Documents/GitHub/Blind-Chess-Trainer/packages/chess-core/src/validate.ts": {"path":"/Users/alexhu/Documents/GitHub/Blind-Chess-Trainer/packages/chess-core/src/validate.ts","all":false,"statementMap":{"0":{"start":{"line":1,"column":0},"end":{"line":1,"column":33}},"2":{"start":{"line":3,"column":0},"end":{"line":3,"column":62}},"4":{"start":{"line":5,"column":0},"end":{"line":5,"column":49}},"5":{"start":{"line":6,"column":0},"end":{"line":6,"column":31}},"6":{"start":{"line":7,"column":0},"end":{"line":7,"column":25}},"7":{"start":{"line":8,"column":0},"end":{"line":8,"column":1}},"9":{"start":{"line":10,"column":0},"end":{"line":10,"column":66}},"10":{"start":{"line":11,"column":0},"end":{"line":11,"column":31}},"11":{"start":{"line":12,"column":0},"end":{"line":12,"column":29}},"12":{"start":{"line":13,"column":0},"end":{"line":13,"column":21}},"13":{"start":{"line":14,"column":0},"end":{"line":14,"column":3}},"14":{"start":{"line":15,"column":0},"end":{"line":15,"column":21}},"15":{"start":{"line":16,"column":0},"end":{"line":16,"column":1}},"17":{"start":{"line":18,"column":0},"end":{"line":18,"column":31}},"18":{"start":{"line":19,"column":0},"end":{"line":19,"column":25}},"19":{"start":{"line":20,"column":0},"end":{"line":20,"column":20}},"20":{"start":{"line":21,"column":0},"end":{"line":21,"column":19}},"21":{"start":{"line":22,"column":0},"end":{"line":22,"column":15}},"22":{"start":{"line":23,"column":0},"end":{"line":23,"column":19}},"23":{"start":{"line":24,"column":0},"end":{"line":24,"column":12}},"24":{"start":{"line":25,"column":0},"end":{"line":25,"column":32}},"25":{"start":{"line":26,"column":0},"end":{"line":26,"column":50}},"26":{"start":{"line":27,"column":0},"end":{"line":27,"column":37}},"27":{"start":{"line":28,"column":0},"end":{"line":28,"column":55}},"28":{"start":{"line":29,"column":0},"end":{"line":29,"column":3}},"30":{"start":{"line":31,"column":0},"end":{"line":31,"column":47}},"31":{"start":{"line":32,"column":0},"end":{"line":32,"column":35}},"33":{"start":{"line":34,"column":0},"end":{"line":34,"column":41}},"34":{"start":{"line":35,"column":0},"end":{"line":35,"column":44}},"35":{"start":{"line":36,"column":0},"end":{"line":36,"column":40}},"36":{"start":{"line":37,"column":0},"end":{"line":37,"column":51}},"37":{"start":{"line":38,"column":0},"end":{"line":38,"column":35}},"38":{"start":{"line":39,"column":0},"end":{"line":39,"column":3}},"40":{"start":{"line":41,"column":0},"end":{"line":41,"column":53}},"41":{"start":{"line":42,"column":0},"end":{"line":42,"column":1}}},"s":{"0":1,"2":1,"4":1,"5":3,"6":3,"7":3,"9":1,"10":3,"11":3,"12":6,"13":6,"14":3,"15":3,"17":1,"18":5,"19":5,"20":5,"21":5,"22":5,"23":5,"24":5,"25":3,"26":3,"27":3,"28":3,"30":2,"31":5,"33":5,"34":2,"35":2,"36":2,"37":2,"38":2,"40":0,"41":0},"branchMap":{"0":{"type":"branch","line":5,"loc":{"start":{"line":5,"column":7},"end":{"line":8,"column":1}},"locations":[{"start":{"line":5,"column":7},"end":{"line":8,"column":1}}]},"1":{"type":"branch","line":10,"loc":{"start":{"line":10,"column":7},"end":{"line":16,"column":1}},"locations":[{"start":{"line":10,"column":7},"end":{"line":16,"column":1}}]},"2":{"type":"branch","line":12,"loc":{"start":{"line":12,"column":28},"end":{"line":14,"column":3}},"locations":[{"start":{"line":12,"column":28},"end":{"line":14,"column":3}}]},"3":{"type":"branch","line":18,"loc":{"start":{"line":18,"column":7},"end":{"line":42,"column":1}},"locations":[{"start":{"line":18,"column":7},"end":{"line":42,"column":1}}]},"4":{"type":"branch","line":25,"loc":{"start":{"line":25,"column":31},"end":{"line":29,"column":3}},"locations":[{"start":{"line":25,"column":31},"end":{"line":29,"column":3}}]},"5":{"type":"branch","line":27,"loc":{"start":{"line":27,"column":24},"end":{"line":27,"column":37}},"locations":[{"start":{"line":27,"column":24},"end":{"line":27,"column":37}}]},"6":{"type":"branch","line":29,"loc":{"start":{"line":29,"column":2},"end":{"line":32,"column":29}},"locations":[{"start":{"line":29,"column":2},"end":{"line":32,"column":29}}]},"7":{"type":"branch","line":32,"loc":{"start":{"line":32,"column":22},"end":{"line":32,"column":35}},"locations":[{"start":{"line":32,"column":22},"end":{"line":32,"column":35}}]},"8":{"type":"branch","line":32,"loc":{"start":{"line":32,"column":29},"end":{"line":34,"column":22}},"locations":[{"start":{"line":32,"column":29},"end":{"line":34,"column":22}}]},"9":{"type":"branch","line":34,"loc":{"start":{"line":34,"column":13},"end":{"line":34,"column":40}},"locations":[{"start":{"line":34,"column":13},"end":{"line":34,"column":40}}]},"10":{"type":"branch","line":34,"loc":{"start":{"line":34,"column":40},"end":{"line":39,"column":3}},"locations":[{"start":{"line":34,"column":40},"end":{"line":39,"column":3}}]},"11":{"type":"branch","line":39,"loc":{"start":{"line":39,"column":2},"end":{"line":42,"column":1}},"locations":[{"start":{"line":39,"column":2},"end":{"line":42,"column":1}}]}},"b":{"0":[3],"1":[3],"2":[6],"3":[5],"4":[3],"5":[0],"6":[2],"7":[0],"8":[2],"9":[2],"10":[2],"11":[0]},"fnMap":{"0":{"name":"isInCheck","decl":{"start":{"line":5,"column":7},"end":{"line":8,"column":1}},"loc":{"start":{"line":5,"column":7},"end":{"line":8,"column":1}},"line":5},"1":{"name":"applyMoves","decl":{"start":{"line":10,"column":7},"end":{"line":16,"column":1}},"loc":{"start":{"line":10,"column":7},"end":{"line":16,"column":1}},"line":10},"2":{"name":"validateAnswer","decl":{"start":{"line":18,"column":7},"end":{"line":42,"column":1}},"loc":{"start":{"line":18,"column":7},"end":{"line":42,"column":1}},"line":18}},"f":{"0":3,"1":3,"2":5}}
,"/Users/alexhu/Documents/GitHub/Blind-Chess-Trainer/packages/chess-core/src/motifs/discovered.ts": {"path":"/Users/alexhu/Documents/GitHub/Blind-Chess-Trainer/packages/chess-core/src/motifs/discovered.ts","all":false,"statementMap":{"1":{"start":{"line":2,"column":0},"end":{"line":2,"column":61}},"2":{"start":{"line":3,"column":0},"end":{"line":3,"column":48}},"3":{"start":{"line":4,"column":0},"end":{"line":4,"column":8}},"11":{"start":{"line":12,"column":0},"end":{"line":12,"column":36}},"12":{"start":{"line":13,"column":0},"end":{"line":13,"column":36}},"20":{"start":{"line":21,"column":0},"end":{"line":21,"column":73}},"21":{"start":{"line":22,"column":0},"end":{"line":22,"column":38}},"22":{"start":{"line":23,"column":0},"end":{"line":23,"column":37}},"23":{"start":{"line":24,"column":0},"end":{"line":24,"column":32}},"25":{"start":{"line":26,"column":0},"end":{"line":26,"column":31}},"27":{"start":{"line":28,"column":0},"end":{"line":28,"column":37}},"28":{"start":{"line":29,"column":0},"end":{"line":29,"column":32}},"29":{"start":{"line":30,"column":0},"end":{"line":30,"column":31}},"30":{"start":{"line":31,"column":0},"end":{"line":31,"column":35}},"32":{"start":{"line":33,"column":0},"end":{"line":33,"column":54}},"33":{"start":{"line":34,"column":0},"end":{"line":34,"column":87}},"34":{"start":{"line":35,"column":0},"end":{"line":35,"column":6}},"35":{"start":{"line":36,"column":0},"end":{"line":36,"column":31}},"37":{"start":{"line":38,"column":0},"end":{"line":38,"column":48}},"38":{"start":{"line":39,"column":0},"end":{"line":39,"column":59}},"39":{"start":{"line":40,"column":0},"end":{"line":40,"column":74}},"40":{"start":{"line":41,"column":0},"end":{"line":41,"column":5}},"41":{"start":{"line":42,"column":0},"end":{"line":42,"column":3}},"43":{"start":{"line":44,"column":0},"end":{"line":44,"column":15}},"44":{"start":{"line":45,"column":0},"end":{"line":45,"column":1}},"46":{"start":{"line":47,"column":0},"end":{"line":47,"column":71}},"47":{"start":{"line":48,"column":0},"end":{"line":48,"column":33}},"48":{"start":{"line":49,"column":0},"end":{"line":49,"column":36}},"49":{"start":{"line":50,"column":0},"end":{"line":50,"column":31}},"51":{"start":{"line":52,"column":0},"end":{"line":52,"column":30}},"52":{"start":{"line":53,"column":0},"end":{"line":53,"column":30}},"53":{"start":{"line":54,"column":0},"end":{"line":54,"column":30}},"54":{"start":{"line":55,"column":0},"end":{"line":55,"column":30}},"56":{"start":{"line":57,"column":0},"end":{"line":57,"column":38}},"57":{"start":{"line":58,"column":0},"end":{"line":58,"column":32}},"59":{"start":{"line":60,"column":0},"end":{"line":60,"column":36}},"60":{"start":{"line":61,"column":0},"end":{"line":61,"column":29}},"62":{"start":{"line":63,"column":0},"end":{"line":63,"column":39}},"63":{"start":{"line":64,"column":0},"end":{"line":64,"column":39}},"64":{"start":{"line":65,"column":0},"end":{"line":65,"column":34}},"65":{"start":{"line":66,"column":0},"end":{"line":66,"column":1}},"67":{"start":{"line":68,"column":0},"end":{"line":68,"column":22}},"68":{"start":{"line":69,"column":0},"end":{"line":69,"column":17}},"69":{"start":{"line":70,"column":0},"end":{"line":70,"column":25}},"70":{"start":{"line":71,"column":0},"end":{"line":71,"column":23}},"71":{"start":{"line":72,"column":0},"end":{"line":72,"column":28}},"72":{"start":{"line":73,"column":0},"end":{"line":73,"column":12}},"73":{"start":{"line":74,"column":0},"end":{"line":74,"column":49}},"74":{"start":{"line":75,"column":0},"end":{"line":75,"column":69}},"75":{"start":{"line":76,"column":0},"end":{"line":76,"column":71}},"76":{"start":{"line":77,"column":0},"end":{"line":77,"column":68}},"77":{"start":{"line":78,"column":0},"end":{"line":78,"column":1}},"79":{"start":{"line":80,"column":0},"end":{"line":80,"column":32}},"80":{"start":{"line":81,"column":0},"end":{"line":81,"column":57}},"81":{"start":{"line":82,"column":0},"end":{"line":82,"column":25}},"82":{"start":{"line":83,"column":0},"end":{"line":83,"column":23}},"83":{"start":{"line":84,"column":0},"end":{"line":84,"column":12}},"84":{"start":{"line":85,"column":0},"end":{"line":85,"column":78}},"85":{"start":{"line":86,"column":0},"end":{"line":86,"column":1}},"87":{"start":{"line":88,"column":0},"end":{"line":88,"column":40}},"88":{"start":{"line":89,"column":0},"end":{"line":89,"column":22}},"89":{"start":{"line":90,"column":0},"end":{"line":90,"column":21}},"90":{"start":{"line":91,"column":0},"end":{"line":91,"column":28}},"91":{"start":{"line":92,"column":0},"end":{"line":92,"column":43}},"92":{"start":{"line":93,"column":0},"end":{"line":93,"column":42}},"93":{"start":{"line":94,"column":0},"end":{"line":94,"column":42}},"95":{"start":{"line":96,"column":0},"end":{"line":96,"column":49}},"96":{"start":{"line":97,"column":0},"end":{"line":97,"column":48}},"97":{"start":{"line":98,"column":0},"end":{"line":98,"column":38}},"99":{"start":{"line":100,"column":0},"end":{"line":100,"column":51}},"100":{"start":{"line":101,"column":0},"end":{"line":101,"column":36}},"102":{"start":{"line":103,"column":0},"end":{"line":103,"column":36}},"103":{"start":{"line":104,"column":0},"end":{"line":104,"column":33}},"104":{"start":{"line":105,"column":0},"end":{"line":105,"column":100}},"105":{"start":{"line":106,"column":0},"end":{"line":106,"column":28}},"106":{"start":{"line":107,"column":0},"end":{"line":107,"column":4}},"108":{"start":{"line":109,"column":0},"end":{"line":109,"column":50}},"110":{"start":{"line":111,"column":0},"end":{"line":111,"column":55}},"111":{"start":{"line":112,"column":0},"end":{"line":112,"column":59}},"113":{"start":{"line":114,"column":0},"end":{"line":114,"column":43}},"114":{"start":{"line":115,"column":0},"end":{"line":115,"column":60}},"115":{"start":{"line":116,"column":0},"end":{"line":116,"column":84}},"117":{"start":{"line":118,"column":0},"end":{"line":118,"column":42}},"118":{"start":{"line":119,"column":0},"end":{"line":119,"column":67}},"119":{"start":{"line":120,"column":0},"end":{"line":120,"column":8}},"120":{"start":{"line":121,"column":0},"end":{"line":121,"column":32}},"122":{"start":{"line":123,"column":0},"end":{"line":123,"column":77}},"124":{"start":{"line":125,"column":0},"end":{"line":125,"column":24}},"125":{"start":{"line":126,"column":0},"end":{"line":126,"column":34}},"126":{"start":{"line":127,"column":0},"end":{"line":127,"column":24}},"127":{"start":{"line":128,"column":0},"end":{"line":128,"column":84}},"128":{"start":{"line":129,"column":0},"end":{"line":129,"column":17}},"129":{"start":{"line":130,"column":0},"end":{"line":130,"column":15}},"130":{"start":{"line":131,"column":0},"end":{"line":131,"column":67}},"131":{"start":{"line":132,"column":0},"end":{"line":132,"column":16}},"132":{"start":{"line":133,"column":0},"end":{"line":133,"column":9}},"133":{"start":{"line":134,"column":0},"end":{"line":134,"column":5}},"134":{"start":{"line":135,"column":0},"end":{"line":135,"column":3}},"136":{"start":{"line":137,"column":0},"end":{"line":137,"column":21}},"137":{"start":{"line":138,"column":0},"end":{"line":138,"column":1}},"139":{"start":{"line":140,"column":0},"end":{"line":140,"column":67}},"140":{"start":{"line":141,"column":0},"end":{"line":141,"column":33}},"141":{"start":{"line":142,"column":0},"end":{"line":142,"column":31}},"142":{"start":{"line":143,"column":0},"end":{"line":143,"column":40}},"143":{"start":{"line":144,"column":0},"end":{"line":144,"column":40}},"145":{"start":{"line":146,"column":0},"end":{"line":146,"column":31}},"146":{"start":{"line":147,"column":0},"end":{"line":147,"column":22}},"147":{"start":{"line":148,"column":0},"end":{"line":148,"column":22}},"149":{"start":{"line":150,"column":0},"end":{"line":150,"column":40}},"150":{"start":{"line":151,"column":0},"end":{"line":151,"column":36}},"151":{"start":{"line":152,"column":0},"end":{"line":152,"column":19}},"152":{"start":{"line":153,"column":0},"end":{"line":153,"column":21}},"153":{"start":{"line":154,"column":0},"end":{"line":154,"column":12}},"154":{"start":{"line":155,"column":0},"end":{"line":155,"column":12}},"155":{"start":{"line":156,"column":0},"end":{"line":156,"column":3}},"157":{"start":{"line":158,"column":0},"end":{"line":158,"column":17}},"158":{"start":{"line":159,"column":0},"end":{"line":159,"column":1}}},"s":{"1":1,"2":1,"3":1,"11":1,"12":1,"20":7,"21":7,"22":7,"23":7,"25":7,"27":7,"28":448,"29":448,"30":448,"32":6,"33":6,"34":6,"35":6,"37":6,"38":448,"39":6,"40":6,"41":448,"43":7,"44":7,"46":4,"47":4,"48":4,"49":4,"51":4,"52":4,"53":4,"54":4,"56":4,"57":4,"59":4,"60":4,"62":4,"63":4,"64":4,"65":4,"67":6,"68":6,"69":6,"70":6,"71":6,"72":6,"73":6,"74":6,"75":6,"76":4,"77":6,"79":6,"80":6,"81":6,"82":6,"83":6,"84":6,"85":6,"87":1,"88":7,"89":7,"90":7,"91":7,"92":7,"93":7,"95":7,"96":7,"97":7,"99":7,"100":7,"102":5,"103":5,"104":5,"105":5,"106":5,"108":5,"110":7,"111":23,"113":23,"114":6,"115":6,"117":6,"118":6,"119":6,"120":6,"122":6,"124":6,"125":6,"126":6,"127":6,"128":6,"129":6,"130":6,"131":6,"132":6,"133":6,"134":23,"136":5,"137":5,"139":1,"140":2,"141":2,"142":2,"143":2,"145":2,"146":2,"147":2,"149":2,"150":12,"151":12,"152":12,"153":12,"154":12,"155":12,"157":2,"158":2},"branchMap":{"0":{"type":"branch","line":21,"loc":{"start":{"line":21,"column":0},"end":{"line":45,"column":1}},"locations":[{"start":{"line":21,"column":0},"end":{"line":45,"column":1}}]},"1":{"type":"branch","line":24,"loc":{"start":{"line":24,"column":22},"end":{"line":24,"column":32}},"locations":[{"start":{"line":24,"column":22},"end":{"line":24,"column":32}}]},"2":{"type":"branch","line":28,"loc":{"start":{"line":28,"column":36},"end":{"line":42,"column":3}},"locations":[{"start":{"line":28,"column":36},"end":{"line":42,"column":3}}]},"3":{"type":"branch","line":31,"loc":{"start":{"line":31,"column":9},"end":{"line":31,"column":26}},"locations":[{"start":{"line":31,"column":9},"end":{"line":31,"column":26}}]},"4":{"type":"branch","line":31,"loc":{"start":{"line":31,"column":26},"end":{"line":31,"column":35}},"locations":[{"start":{"line":31,"column":26},"end":{"line":31,"column":35}}]},"5":{"type":"branch","line":31,"loc":{"start":{"line":31,"column":26},"end":{"line":36,"column":31}},"locations":[{"start":{"line":31,"column":26},"end":{"line":36,"column":31}}]},"6":{"type":"branch","line":36,"loc":{"start":{"line":36,"column":22},"end":{"line":36,"column":31}},"locations":[{"start":{"line":36,"column":22},"end":{"line":36,"column":31}}]},"7":{"type":"branch","line":36,"loc":{"start":{"line":36,"column":22},"end":{"line":39,"column":23}},"locations":[{"start":{"line":36,"column":22},"end":{"line":39,"column":23}}]},"8":{"type":"branch","line":39,"loc":{"start":{"line":39,"column":9},"end":{"line":39,"column":58}},"locations":[{"start":{"line":39,"column":9},"end":{"line":39,"column":58}}]},"9":{"type":"branch","line":39,"loc":{"start":{"line":39,"column":58},"end":{"line":41,"column":5}},"locations":[{"start":{"line":39,"column":58},"end":{"line":41,"column":5}}]},"10":{"type":"branch","line":34,"loc":{"start":{"line":34,"column":6},"end":{"line":34,"column":87}},"locations":[{"start":{"line":34,"column":6},"end":{"line":34,"column":87}}]},"11":{"type":"branch","line":34,"loc":{"start":{"line":34,"column":31},"end":{"line":34,"column":67}},"locations":[{"start":{"line":34,"column":31},"end":{"line":34,"column":67}}]},"12":{"type":"branch","line":34,"loc":{"start":{"line":34,"column":58},"end":{"line":34,"column":87}},"locations":[{"start":{"line":34,"column":58},"end":{"line":34,"column":87}}]},"13":{"type":"branch","line":47,"loc":{"start":{"line":47,"column":0},"end":{"line":66,"column":1}},"locations":[{"start":{"line":47,"column":0},"end":{"line":66,"column":1}}]},"14":{"type":"branch","line":58,"loc":{"start":{"line":58,"column":19},"end":{"line":58,"column":32}},"locations":[{"start":{"line":58,"column":19},"end":{"line":58,"column":32}}]},"15":{"type":"branch","line":61,"loc":{"start":{"line":61,"column":16},"end":{"line":61,"column":29}},"locations":[{"start":{"line":61,"column":16},"end":{"line":61,"column":29}}]},"16":{"type":"branch","line":68,"loc":{"start":{"line":68,"column":0},"end":{"line":78,"column":1}},"locations":[{"start":{"line":68,"column":0},"end":{"line":78,"column":1}}]},"17":{"type":"branch","line":75,"loc":{"start":{"line":75,"column":56},"end":{"line":75,"column":69}},"locations":[{"start":{"line":75,"column":56},"end":{"line":75,"column":69}}]},"18":{"type":"branch","line":75,"loc":{"start":{"line":75,"column":63},"end":{"line":76,"column":65}},"locations":[{"start":{"line":75,"column":63},"end":{"line":76,"column":65}}]},"19":{"type":"branch","line":76,"loc":{"start":{"line":76,"column":58},"end":{"line":76,"column":71}},"locations":[{"start":{"line":76,"column":58},"end":{"line":76,"column":71}}]},"20":{"type":"branch","line":76,"loc":{"start":{"line":76,"column":65},"end":{"line":77,"column":68}},"locations":[{"start":{"line":76,"column":65},"end":{"line":77,"column":68}}]},"21":{"type":"branch","line":80,"loc":{"start":{"line":80,"column":0},"end":{"line":86,"column":1}},"locations":[{"start":{"line":80,"column":0},"end":{"line":86,"column":1}}]},"22":{"type":"branch","line":88,"loc":{"start":{"line":88,"column":7},"end":{"line":138,"column":1}},"locations":[{"start":{"line":88,"column":7},"end":{"line":138,"column":1}}]},"23":{"type":"branch","line":94,"loc":{"start":{"line":94,"column":32},"end":{"line":94,"column":42}},"locations":[{"start":{"line":94,"column":32},"end":{"line":94,"column":42}}]},"24":{"type":"branch","line":98,"loc":{"start":{"line":98,"column":28},"end":{"line":98,"column":38}},"locations":[{"start":{"line":98,"column":28},"end":{"line":98,"column":38}}]},"25":{"type":"branch","line":101,"loc":{"start":{"line":101,"column":26},"end":{"line":101,"column":36}},"locations":[{"start":{"line":101,"column":26},"end":{"line":101,"column":36}}]},"26":{"type":"branch","line":101,"loc":{"start":{"line":101,"column":34},"end":{"line":111,"column":54}},"locations":[{"start":{"line":101,"column":34},"end":{"line":111,"column":54}}]},"27":{"type":"branch","line":111,"loc":{"start":{"line":111,"column":54},"end":{"line":135,"column":3}},"locations":[{"start":{"line":111,"column":54},"end":{"line":135,"column":3}}]},"28":{"type":"branch","line":114,"loc":{"start":{"line":114,"column":42},"end":{"line":134,"column":5}},"locations":[{"start":{"line":114,"column":42},"end":{"line":134,"column":5}}]},"29":{"type":"branch","line":115,"loc":{"start":{"line":115,"column":51},"end":{"line":115,"column":60}},"locations":[{"start":{"line":115,"column":51},"end":{"line":115,"column":60}}]},"30":{"type":"branch","line":116,"loc":{"start":{"line":116,"column":75},"end":{"line":116,"column":84}},"locations":[{"start":{"line":116,"column":75},"end":{"line":116,"column":84}}]},"31":{"type":"branch","line":121,"loc":{"start":{"line":121,"column":23},"end":{"line":121,"column":32}},"locations":[{"start":{"line":121,"column":23},"end":{"line":121,"column":32}}]},"32":{"type":"branch","line":121,"loc":{"start":{"line":121,"column":23},"end":{"line":123,"column":45}},"locations":[{"start":{"line":121,"column":23},"end":{"line":123,"column":45}}]},"33":{"type":"branch","line":123,"loc":{"start":{"line":123,"column":38},"end":{"line":123,"column":77}},"locations":[{"start":{"line":123,"column":38},"end":{"line":123,"column":77}}]},"34":{"type":"branch","line":128,"loc":{"start":{"line":128,"column":23},"end":{"line":128,"column":59}},"locations":[{"start":{"line":128,"column":23},"end":{"line":128,"column":59}}]},"35":{"type":"branch","line":128,"loc":{"start":{"line":128,"column":33},"end":{"line":128,"column":84}},"locations":[{"start":{"line":128,"column":33},"end":{"line":128,"column":84}}]},"36":{"type":"branch","line":135,"loc":{"start":{"line":135,"column":2},"end":{"line":138,"column":1}},"locations":[{"start":{"line":135,"column":2},"end":{"line":138,"column":1}}]},"37":{"type":"branch","line":105,"loc":{"start":{"line":105,"column":14},"end":{"line":105,"column":99}},"locations":[{"start":{"line":105,"column":14},"end":{"line":105,"column":99}}]},"38":{"type":"branch","line":105,"loc":{"start":{"line":105,"column":39},"end":{"line":105,"column":51}},"locations":[{"start":{"line":105,"column":39},"end":{"line":105,"column":51}}]},"39":{"type":"branch","line":105,"loc":{"start":{"line":105,"column":53},"end":{"line":105,"column":99}},"locations":[{"start":{"line":105,"column":53},"end":{"line":105,"column":99}}]},"40":{"type":"branch","line":106,"loc":{"start":{"line":106,"column":11},"end":{"line":106,"column":26}},"locations":[{"start":{"line":106,"column":11},"end":{"line":106,"column":26}}]},"41":{"type":"branch","line":118,"loc":{"start":{"line":118,"column":36},"end":{"line":119,"column":67}},"locations":[{"start":{"line":118,"column":36},"end":{"line":119,"column":67}}]},"42":{"type":"branch","line":140,"loc":{"start":{"line":140,"column":7},"end":{"line":159,"column":1}},"locations":[{"start":{"line":140,"column":7},"end":{"line":159,"column":1}}]},"43":{"type":"branch","line":150,"loc":{"start":{"line":150,"column":17},"end":{"line":150,"column":39}},"locations":[{"start":{"line":150,"column":17},"end":{"line":150,"column":39}}]},"44":{"type":"branch","line":150,"loc":{"start":{"line":150,"column":39},"end":{"line":156,"column":3}},"locations":[{"start":{"line":150,"column":39},"end":{"line":156,"column":3}}]},"45":{"type":"branch","line":152,"loc":{"start":{"line":152,"column":13},"end":{"line":152,"column":19}},"locations":[{"start":{"line":152,"column":13},"end":{"line":152,"column":19}}]}},"b":{"0":[7],"1":[0],"2":[448],"3":[35],"4":[442],"5":[6],"6":[0],"7":[6],"8":[2],"9":[6],"10":[17],"11":[6],"12":[6],"13":[4],"14":[0],"15":[0],"16":[6],"17":[2],"18":[4],"19":[0],"20":[4],"21":[6],"22":[7],"23":[0],"24":[0],"25":[2],"26":[5],"27":[23],"28":[6],"29":[0],"30":[0],"31":[2],"32":[4],"33":[2],"34":[2],"35":[2],"36":[5],"37":[23],"38":[19],"39":[19],"40":[17],"41":[6],"42":[2],"43":[8],"44":[12],"45":[0]},"fnMap":{"0":{"name":"diffMoves","decl":{"start":{"line":21,"column":0},"end":{"line":45,"column":1}},"loc":{"start":{"line":21,"column":0},"end":{"line":45,"column":1}},"line":21},"1":{"name":"isOnLine","decl":{"start":{"line":47,"column":0},"end":{"line":66,"column":1}},"loc":{"start":{"line":47,"column":0},"end":{"line":66,"column":1}},"line":47},"2":{"name":"movedOffLine","decl":{"start":{"line":68,"column":0},"end":{"line":78,"column":1}},"loc":{"start":{"line":68,"column":0},"end":{"line":78,"column":1}},"line":68},"3":{"name":"attackerAttackedSquare","decl":{"start":{"line":80,"column":0},"end":{"line":86,"column":1}},"loc":{"start":{"line":80,"column":0},"end":{"line":86,"column":1}},"line":80},"4":{"name":"detectDiscoveredAttacks","decl":{"start":{"line":88,"column":7},"end":{"line":138,"column":1}},"loc":{"start":{"line":88,"column":7},"end":{"line":138,"column":1}},"line":88},"5":{"name":"squareBetween","decl":{"start":{"line":140,"column":7},"end":{"line":159,"column":1}},"loc":{"start":{"line":140,"column":7},"end":{"line":159,"column":1}},"line":140}},"f":{"0":7,"1":4,"2":6,"3":6,"4":7,"5":2}}
,"/Users/alexhu/Documents/GitHub/Blind-Chess-Trainer/packages/chess-core/src/motifs/divergent.ts": {"path":"/Users/alexhu/Documents/GitHub/Blind-Chess-Trainer/packages/chess-core/src/motifs/divergent.ts","all":false,"statementMap":{"9":{"start":{"line":10,"column":0},"end":{"line":10,"column":74}},"11":{"start":{"line":12,"column":0},"end":{"line":12,"column":23}},"12":{"start":{"line":13,"column":0},"end":{"line":13,"column":29}},"13":{"start":{"line":14,"column":0},"end":{"line":14,"column":26}},"14":{"start":{"line":15,"column":0},"end":{"line":15,"column":29}},"16":{"start":{"line":17,"column":0},"end":{"line":17,"column":28}},"17":{"start":{"line":18,"column":0},"end":{"line":18,"column":29}},"18":{"start":{"line":19,"column":0},"end":{"line":19,"column":21}},"19":{"start":{"line":20,"column":0},"end":{"line":20,"column":17}},"20":{"start":{"line":21,"column":0},"end":{"line":21,"column":12}},"21":{"start":{"line":22,"column":0},"end":{"line":22,"column":41}},"22":{"start":{"line":23,"column":0},"end":{"line":23,"column":71}},"23":{"start":{"line":24,"column":0},"end":{"line":24,"column":1}},"25":{"start":{"line":26,"column":0},"end":{"line":26,"column":83}},"26":{"start":{"line":27,"column":0},"end":{"line":27,"column":31}},"27":{"start":{"line":28,"column":0},"end":{"line":28,"column":24}},"29":{"start":{"line":30,"column":0},"end":{"line":30,"column":32}},"30":{"start":{"line":31,"column":0},"end":{"line":31,"column":43}},"32":{"start":{"line":33,"column":0},"end":{"line":33,"column":34}},"33":{"start":{"line":34,"column":0},"end":{"line":34,"column":35}},"35":{"start":{"line":36,"column":0},"end":{"line":36,"column":36}},"36":{"start":{"line":37,"column":0},"end":{"line":37,"column":54}},"37":{"start":{"line":38,"column":0},"end":{"line":38,"column":81}},"38":{"start":{"line":39,"column":0},"end":{"line":39,"column":29}},"39":{"start":{"line":40,"column":0},"end":{"line":40,"column":5}},"41":{"start":{"line":42,"column":0},"end":{"line":42,"column":37}},"43":{"start":{"line":44,"column":0},"end":{"line":44,"column":60}},"45":{"start":{"line":46,"column":0},"end":{"line":46,"column":16}},"46":{"start":{"line":47,"column":0},"end":{"line":47,"column":19}},"47":{"start":{"line":48,"column":0},"end":{"line":48,"column":10}},"48":{"start":{"line":49,"column":0},"end":{"line":49,"column":67}},"49":{"start":{"line":50,"column":0},"end":{"line":50,"column":15}},"50":{"start":{"line":51,"column":0},"end":{"line":51,"column":14}},"51":{"start":{"line":52,"column":0},"end":{"line":52,"column":18}},"52":{"start":{"line":53,"column":0},"end":{"line":53,"column":7}},"53":{"start":{"line":54,"column":0},"end":{"line":54,"column":3}},"55":{"start":{"line":56,"column":0},"end":{"line":56,"column":15}},"56":{"start":{"line":57,"column":0},"end":{"line":57,"column":1}},"58":{"start":{"line":59,"column":0},"end":{"line":59,"column":36}},"59":{"start":{"line":60,"column":0},"end":{"line":60,"column":14}},"60":{"start":{"line":61,"column":0},"end":{"line":61,"column":29}},"61":{"start":{"line":62,"column":0},"end":{"line":62,"column":24}},"62":{"start":{"line":63,"column":0},"end":{"line":63,"column":31}},"63":{"start":{"line":64,"column":0},"end":{"line":64,"column":24}},"65":{"start":{"line":66,"column":0},"end":{"line":66,"column":42}},"67":{"start":{"line":68,"column":0},"end":{"line":68,"column":50}},"68":{"start":{"line":69,"column":0},"end":{"line":69,"column":49}},"69":{"start":{"line":70,"column":0},"end":{"line":70,"column":77}},"70":{"start":{"line":71,"column":0},"end":{"line":71,"column":20}},"71":{"start":{"line":72,"column":0},"end":{"line":72,"column":30}},"72":{"start":{"line":73,"column":0},"end":{"line":73,"column":12}},"73":{"start":{"line":74,"column":0},"end":{"line":74,"column":38}},"74":{"start":{"line":75,"column":0},"end":{"line":75,"column":14}},"75":{"start":{"line":76,"column":0},"end":{"line":76,"column":44}},"76":{"start":{"line":77,"column":0},"end":{"line":77,"column":9}},"77":{"start":{"line":78,"column":0},"end":{"line":78,"column":5}},"78":{"start":{"line":79,"column":0},"end":{"line":79,"column":3}},"80":{"start":{"line":81,"column":0},"end":{"line":81,"column":17}},"81":{"start":{"line":82,"column":0},"end":{"line":82,"column":1}},"83":{"start":{"line":84,"column":0},"end":{"line":84,"column":42}},"84":{"start":{"line":85,"column":0},"end":{"line":85,"column":14}},"85":{"start":{"line":86,"column":0},"end":{"line":86,"column":29}},"86":{"start":{"line":87,"column":0},"end":{"line":87,"column":30}},"87":{"start":{"line":88,"column":0},"end":{"line":88,"column":31}},"88":{"start":{"line":89,"column":0},"end":{"line":89,"column":24}},"90":{"start":{"line":91,"column":0},"end":{"line":91,"column":50}},"92":{"start":{"line":93,"column":0},"end":{"line":93,"column":53}},"93":{"start":{"line":94,"column":0},"end":{"line":94,"column":52}},"94":{"start":{"line":95,"column":0},"end":{"line":95,"column":51}},"95":{"start":{"line":96,"column":0},"end":{"line":96,"column":51}},"97":{"start":{"line":98,"column":0},"end":{"line":98,"column":44}},"98":{"start":{"line":99,"column":0},"end":{"line":99,"column":32}},"99":{"start":{"line":100,"column":0},"end":{"line":100,"column":47}},"100":{"start":{"line":101,"column":0},"end":{"line":101,"column":34}},"101":{"start":{"line":102,"column":0},"end":{"line":102,"column":34}},"102":{"start":{"line":103,"column":0},"end":{"line":103,"column":3}},"104":{"start":{"line":105,"column":0},"end":{"line":105,"column":47}},"106":{"start":{"line":107,"column":0},"end":{"line":107,"column":64}},"107":{"start":{"line":108,"column":0},"end":{"line":108,"column":45}},"109":{"start":{"line":110,"column":0},"end":{"line":110,"column":53}},"110":{"start":{"line":111,"column":0},"end":{"line":111,"column":91}},"111":{"start":{"line":112,"column":0},"end":{"line":112,"column":18}},"113":{"start":{"line":114,"column":0},"end":{"line":114,"column":25}},"114":{"start":{"line":115,"column":0},"end":{"line":115,"column":85}},"115":{"start":{"line":116,"column":0},"end":{"line":116,"column":33}},"117":{"start":{"line":118,"column":0},"end":{"line":118,"column":44}},"118":{"start":{"line":119,"column":0},"end":{"line":119,"column":29}},"119":{"start":{"line":120,"column":0},"end":{"line":120,"column":48}},"121":{"start":{"line":122,"column":0},"end":{"line":122,"column":17}},"122":{"start":{"line":123,"column":0},"end":{"line":123,"column":34}},"123":{"start":{"line":124,"column":0},"end":{"line":124,"column":10}},"124":{"start":{"line":125,"column":0},"end":{"line":125,"column":39}},"125":{"start":{"line":126,"column":0},"end":{"line":126,"column":30}},"126":{"start":{"line":127,"column":0},"end":{"line":127,"column":22}},"127":{"start":{"line":128,"column":0},"end":{"line":128,"column":23}},"128":{"start":{"line":129,"column":0},"end":{"line":129,"column":7}},"129":{"start":{"line":130,"column":0},"end":{"line":130,"column":3}},"131":{"start":{"line":132,"column":0},"end":{"line":132,"column":16}},"132":{"start":{"line":133,"column":0},"end":{"line":133,"column":1}},"134":{"start":{"line":135,"column":0},"end":{"line":135,"column":89}},"135":{"start":{"line":136,"column":0},"end":{"line":136,"column":10}},"136":{"start":{"line":137,"column":0},"end":{"line":137,"column":38}},"137":{"start":{"line":138,"column":0},"end":{"line":138,"column":46}},"138":{"start":{"line":139,"column":0},"end":{"line":139,"column":52}},"139":{"start":{"line":140,"column":0},"end":{"line":140,"column":4}},"140":{"start":{"line":141,"column":0},"end":{"line":141,"column":1}}},"s":{"9":1,"11":1,"12":1,"13":1,"14":1,"16":136,"17":136,"18":136,"19":136,"20":136,"21":136,"22":136,"23":136,"25":1,"26":15,"27":15,"29":14,"30":14,"32":15,"33":62,"35":62,"36":286,"37":136,"38":29,"39":29,"41":62,"43":6,"45":6,"46":6,"47":6,"48":62,"49":62,"50":62,"51":62,"52":62,"53":62,"55":14,"56":14,"58":1,"59":14,"60":14,"61":14,"62":14,"63":14,"65":14,"67":14,"68":58,"69":58,"70":14,"71":14,"72":14,"73":14,"74":14,"75":14,"76":14,"77":14,"78":58,"80":14,"81":14,"83":1,"84":14,"85":14,"86":14,"87":14,"88":14,"90":14,"92":14,"93":65,"94":65,"95":30,"97":14,"98":14,"99":30,"100":65,"101":65,"102":65,"104":14,"106":14,"107":12,"109":2,"110":2,"111":0,"113":12,"114":12,"115":12,"117":2,"118":2,"119":2,"121":2,"122":2,"123":2,"124":2,"125":2,"126":2,"127":2,"128":2,"129":2,"131":14,"132":14,"134":1,"135":1,"136":1,"137":1,"138":1,"139":1,"140":1},"branchMap":{"0":{"type":"branch","line":17,"loc":{"start":{"line":17,"column":0},"end":{"line":24,"column":1}},"locations":[{"start":{"line":17,"column":0},"end":{"line":24,"column":1}}]},"1":{"type":"branch","line":23,"loc":{"start":{"line":23,"column":34},"end":{"line":23,"column":69}},"locations":[{"start":{"line":23,"column":34},"end":{"line":23,"column":69}}]},"2":{"type":"branch","line":26,"loc":{"start":{"line":26,"column":7},"end":{"line":57,"column":1}},"locations":[{"start":{"line":26,"column":7},"end":{"line":57,"column":1}}]},"3":{"type":"branch","line":28,"loc":{"start":{"line":28,"column":14},"end":{"line":28,"column":24}},"locations":[{"start":{"line":28,"column":14},"end":{"line":28,"column":24}}]},"4":{"type":"branch","line":28,"loc":{"start":{"line":28,"column":22},"end":{"line":33,"column":33}},"locations":[{"start":{"line":28,"column":22},"end":{"line":33,"column":33}}]},"5":{"type":"branch","line":33,"loc":{"start":{"line":33,"column":33},"end":{"line":54,"column":3}},"locations":[{"start":{"line":33,"column":33},"end":{"line":54,"column":3}}]},"6":{"type":"branch","line":36,"loc":{"start":{"line":36,"column":35},"end":{"line":40,"column":5}},"locations":[{"start":{"line":36,"column":35},"end":{"line":40,"column":5}}]},"7":{"type":"branch","line":37,"loc":{"start":{"line":37,"column":45},"end":{"line":37,"column":54}},"locations":[{"start":{"line":37,"column":45},"end":{"line":37,"column":54}}]},"8":{"type":"branch","line":37,"loc":{"start":{"line":37,"column":45},"end":{"line":38,"column":81}},"locations":[{"start":{"line":37,"column":45},"end":{"line":38,"column":81}}]},"9":{"type":"branch","line":38,"loc":{"start":{"line":38,"column":72},"end":{"line":38,"column":81}},"locations":[{"start":{"line":38,"column":72},"end":{"line":38,"column":81}}]},"10":{"type":"branch","line":38,"loc":{"start":{"line":38,"column":72},"end":{"line":40,"column":5}},"locations":[{"start":{"line":38,"column":72},"end":{"line":40,"column":5}}]},"11":{"type":"branch","line":42,"loc":{"start":{"line":42,"column":28},"end":{"line":42,"column":37}},"locations":[{"start":{"line":42,"column":28},"end":{"line":42,"column":37}}]},"12":{"type":"branch","line":42,"loc":{"start":{"line":42,"column":28},"end":{"line":49,"column":35}},"locations":[{"start":{"line":42,"column":28},"end":{"line":49,"column":35}}]},"13":{"type":"branch","line":49,"loc":{"start":{"line":49,"column":21},"end":{"line":49,"column":55}},"locations":[{"start":{"line":49,"column":21},"end":{"line":49,"column":55}}]},"14":{"type":"branch","line":49,"loc":{"start":{"line":49,"column":35},"end":{"line":49,"column":67}},"locations":[{"start":{"line":49,"column":35},"end":{"line":49,"column":67}}]},"15":{"type":"branch","line":54,"loc":{"start":{"line":54,"column":2},"end":{"line":57,"column":1}},"locations":[{"start":{"line":54,"column":2},"end":{"line":57,"column":1}}]},"16":{"type":"branch","line":44,"loc":{"start":{"line":44,"column":37},"end":{"line":44,"column":58}},"locations":[{"start":{"line":44,"column":37},"end":{"line":44,"column":58}}]},"17":{"type":"branch","line":59,"loc":{"start":{"line":59,"column":7},"end":{"line":82,"column":1}},"locations":[{"start":{"line":59,"column":7},"end":{"line":82,"column":1}}]},"18":{"type":"branch","line":64,"loc":{"start":{"line":64,"column":14},"end":{"line":64,"column":24}},"locations":[{"start":{"line":64,"column":14},"end":{"line":64,"column":24}}]},"19":{"type":"branch","line":68,"loc":{"start":{"line":68,"column":49},"end":{"line":79,"column":3}},"locations":[{"start":{"line":68,"column":49},"end":{"line":79,"column":3}}]},"20":{"type":"branch","line":70,"loc":{"start":{"line":70,"column":37},"end":{"line":70,"column":76}},"locations":[{"start":{"line":70,"column":37},"end":{"line":70,"column":76}}]},"21":{"type":"branch","line":70,"loc":{"start":{"line":70,"column":76},"end":{"line":78,"column":5}},"locations":[{"start":{"line":70,"column":76},"end":{"line":78,"column":5}}]},"22":{"type":"branch","line":84,"loc":{"start":{"line":84,"column":7},"end":{"line":133,"column":1}},"locations":[{"start":{"line":84,"column":7},"end":{"line":133,"column":1}}]},"23":{"type":"branch","line":89,"loc":{"start":{"line":89,"column":14},"end":{"line":89,"column":24}},"locations":[{"start":{"line":89,"column":14},"end":{"line":89,"column":24}}]},"24":{"type":"branch","line":93,"loc":{"start":{"line":93,"column":52},"end":{"line":103,"column":3}},"locations":[{"start":{"line":93,"column":52},"end":{"line":103,"column":3}}]},"25":{"type":"branch","line":95,"loc":{"start":{"line":95,"column":42},"end":{"line":95,"column":51}},"locations":[{"start":{"line":95,"column":42},"end":{"line":95,"column":51}}]},"26":{"type":"branch","line":95,"loc":{"start":{"line":95,"column":42},"end":{"line":96,"column":51}},"locations":[{"start":{"line":95,"column":42},"end":{"line":96,"column":51}}]},"27":{"type":"branch","line":96,"loc":{"start":{"line":96,"column":42},"end":{"line":96,"column":51}},"locations":[{"start":{"line":96,"column":42},"end":{"line":96,"column":51}}]},"28":{"type":"branch","line":96,"loc":{"start":{"line":96,"column":42},"end":{"line":100,"column":47}},"locations":[{"start":{"line":96,"column":42},"end":{"line":100,"column":47}}]},"29":{"type":"branch","line":96,"loc":{"start":{"line":96,"column":42},"end":{"line":100,"column":44}},"locations":[{"start":{"line":96,"column":42},"end":{"line":100,"column":44}}]},"30":{"type":"branch","line":100,"loc":{"start":{"line":100,"column":39},"end":{"line":100,"column":47}},"locations":[{"start":{"line":100,"column":39},"end":{"line":100,"column":47}}]},"31":{"type":"branch","line":107,"loc":{"start":{"line":107,"column":63},"end":{"line":130,"column":3}},"locations":[{"start":{"line":107,"column":63},"end":{"line":130,"column":3}}]},"32":{"type":"branch","line":108,"loc":{"start":{"line":108,"column":36},"end":{"line":108,"column":45}},"locations":[{"start":{"line":108,"column":36},"end":{"line":108,"column":45}}]},"33":{"type":"branch","line":108,"loc":{"start":{"line":108,"column":36},"end":{"line":110,"column":53}},"locations":[{"start":{"line":108,"column":36},"end":{"line":110,"column":53}}]},"34":{"type":"branch","line":110,"loc":{"start":{"line":110,"column":48},"end":{"line":111,"column":91}},"locations":[{"start":{"line":110,"column":48},"end":{"line":111,"column":91}}]},"35":{"type":"branch","line":111,"loc":{"start":{"line":111,"column":90},"end":{"line":112,"column":18}},"locations":[{"start":{"line":111,"column":90},"end":{"line":112,"column":18}}]},"36":{"type":"branch","line":115,"loc":{"start":{"line":115,"column":71},"end":{"line":115,"column":85}},"locations":[{"start":{"line":115,"column":71},"end":{"line":115,"column":85}}]},"37":{"type":"branch","line":116,"loc":{"start":{"line":116,"column":24},"end":{"line":130,"column":3}},"locations":[{"start":{"line":116,"column":24},"end":{"line":130,"column":3}}]},"38":{"type":"branch","line":116,"loc":{"start":{"line":116,"column":24},"end":{"line":116,"column":33}},"locations":[{"start":{"line":116,"column":24},"end":{"line":116,"column":33}}]},"39":{"type":"branch","line":116,"loc":{"start":{"line":116,"column":24},"end":{"line":130,"column":3}},"locations":[{"start":{"line":116,"column":24},"end":{"line":130,"column":3}}]},"40":{"type":"branch","line":111,"loc":{"start":{"line":111,"column":56},"end":{"line":111,"column":90}},"locations":[{"start":{"line":111,"column":56},"end":{"line":111,"column":90}}]},"41":{"type":"branch","line":115,"loc":{"start":{"line":115,"column":37},"end":{"line":115,"column":71}},"locations":[{"start":{"line":115,"column":37},"end":{"line":115,"column":71}}]},"42":{"type":"branch","line":119,"loc":{"start":{"line":119,"column":11},"end":{"line":119,"column":28}},"locations":[{"start":{"line":119,"column":11},"end":{"line":119,"column":28}}]},"43":{"type":"branch","line":120,"loc":{"start":{"line":120,"column":14},"end":{"line":120,"column":46}},"locations":[{"start":{"line":120,"column":14},"end":{"line":120,"column":46}}]},"44":{"type":"branch","line":135,"loc":{"start":{"line":135,"column":7},"end":{"line":141,"column":1}},"locations":[{"start":{"line":135,"column":7},"end":{"line":141,"column":1}}]}},"b":{"0":[136],"1":[66],"2":[15],"3":[1],"4":[14],"5":[62],"6":[286],"7":[150],"8":[136],"9":[107],"10":[29],"11":[56],"12":[6],"13":[2],"14":[4],"15":[14],"16":[13],"17":[14],"18":[0],"19":[58],"20":[25],"21":[14],"22":[14],"23":[0],"24":[65],"25":[35],"26":[30],"27":[16],"28":[30],"29":[14],"30":[12],"31":[12],"32":[10],"33":[2],"34":[2],"35":[0],"36":[0],"37":[5],"38":[0],"39":[2],"40":[2],"41":[10],"42":[4],"43":[4],"44":[1]},"fnMap":{"0":{"name":"pieceAttacksSquare","decl":{"start":{"line":17,"column":0},"end":{"line":24,"column":1}},"loc":{"start":{"line":17,"column":0},"end":{"line":24,"column":1}},"line":17},"1":{"name":"detectForks","decl":{"start":{"line":26,"column":7},"end":{"line":57,"column":1}},"loc":{"start":{"line":26,"column":7},"end":{"line":57,"column":1}},"line":26},"2":{"name":"detectHangingPieces","decl":{"start":{"line":59,"column":7},"end":{"line":82,"column":1}},"loc":{"start":{"line":59,"column":7},"end":{"line":82,"column":1}},"line":59},"3":{"name":"detectOverloadedDefenders","decl":{"start":{"line":84,"column":7},"end":{"line":133,"column":1}},"loc":{"start":{"line":84,"column":7},"end":{"line":133,"column":1}},"line":84},"4":{"name":"detectDivergentMotifs","decl":{"start":{"line":135,"column":7},"end":{"line":141,"column":1}},"loc":{"start":{"line":135,"column":7},"end":{"line":141,"column":1}},"line":135}},"f":{"0":136,"1":15,"2":14,"3":14,"4":1}}
,"/Users/alexhu/Documents/GitHub/Blind-Chess-Trainer/packages/chess-core/src/motifs/index.ts": {"path":"/Users/alexhu/Documents/GitHub/Blind-Chess-Trainer/packages/chess-core/src/motifs/index.ts","all":false,"statementMap":{"1":{"start":{"line":2,"column":0},"end":{"line":2,"column":48}},"2":{"start":{"line":3,"column":0},"end":{"line":3,"column":46}},"3":{"start":{"line":4,"column":0},"end":{"line":4,"column":8}},"8":{"start":{"line":9,"column":0},"end":{"line":9,"column":55}},"9":{"start":{"line":10,"column":0},"end":{"line":10,"column":38}},"11":{"start":{"line":12,"column":0},"end":{"line":12,"column":82}},"12":{"start":{"line":13,"column":0},"end":{"line":13,"column":46}},"13":{"start":{"line":14,"column":0},"end":{"line":14,"column":33}},"15":{"start":{"line":16,"column":0},"end":{"line":16,"column":27}},"16":{"start":{"line":17,"column":0},"end":{"line":17,"column":45}},"17":{"start":{"line":18,"column":0},"end":{"line":18,"column":38}},"18":{"start":{"line":19,"column":0},"end":{"line":19,"column":46}},"19":{"start":{"line":20,"column":0},"end":{"line":20,"column":52}},"20":{"start":{"line":21,"column":0},"end":{"line":21,"column":4}},"22":{"start":{"line":23,"column":0},"end":{"line":23,"column":20}},"23":{"start":{"line":24,"column":0},"end":{"line":24,"column":62}},"24":{"start":{"line":25,"column":0},"end":{"line":25,"column":3}},"26":{"start":{"line":27,"column":0},"end":{"line":27,"column":28}},"27":{"start":{"line":28,"column":0},"end":{"line":28,"column":1}},"29":{"start":{"line":30,"column":0},"end":{"line":30,"column":48}},"30":{"start":{"line":31,"column":0},"end":{"line":31,"column":46}},"31":{"start":{"line":32,"column":0},"end":{"line":32,"column":8}},"37":{"start":{"line":38,"column":0},"end":{"line":38,"column":55}},"38":{"start":{"line":39,"column":0},"end":{"line":39,"column":38}}},"s":{"1":1,"2":1,"3":1,"8":1,"9":1,"11":1,"12":10,"13":10,"15":9,"16":9,"17":9,"18":9,"19":9,"20":9,"22":10,"23":2,"24":2,"26":9,"27":9,"29":1,"30":1,"31":1,"37":1,"38":1},"branchMap":{"0":{"type":"branch","line":12,"loc":{"start":{"line":12,"column":7},"end":{"line":28,"column":1}},"locations":[{"start":{"line":12,"column":7},"end":{"line":28,"column":1}}]},"1":{"type":"branch","line":14,"loc":{"start":{"line":14,"column":21},"end":{"line":14,"column":33}},"locations":[{"start":{"line":14,"column":21},"end":{"line":14,"column":33}}]},"2":{"type":"branch","line":14,"loc":{"start":{"line":14,"column":28},"end":{"line":23,"column":19}},"locations":[{"start":{"line":14,"column":28},"end":{"line":23,"column":19}}]},"3":{"type":"branch","line":23,"loc":{"start":{"line":23,"column":19},"end":{"line":25,"column":3}},"locations":[{"start":{"line":23,"column":19},"end":{"line":25,"column":3}}]},"4":{"type":"branch","line":25,"loc":{"start":{"line":25,"column":2},"end":{"line":28,"column":1}},"locations":[{"start":{"line":25,"column":2},"end":{"line":28,"column":1}}]}},"b":{"0":[10],"1":[1],"2":[9],"3":[2],"4":[9]},"fnMap":{"0":{"name":"analyzePosition","decl":{"start":{"line":12,"column":7},"end":{"line":28,"column":1}},"loc":{"start":{"line":12,"column":7},"end":{"line":28,"column":1}},"line":12}},"f":{"0":10}}
,"/Users/alexhu/Documents/GitHub/Blind-Chess-Trainer/packages/chess-core/src/motifs/influence.ts": {"path":"/Users/alexhu/Documents/GitHub/Blind-Chess-Trainer/packages/chess-core/src/motifs/influence.ts","all":false,"statementMap":{"0":{"start":{"line":1,"column":0},"end":{"line":1,"column":61}},"2":{"start":{"line":3,"column":0},"end":{"line":3,"column":92}},"6":{"start":{"line":7,"column":0},"end":{"line":7,"column":44}},"7":{"start":{"line":8,"column":0},"end":{"line":8,"column":33}},"8":{"start":{"line":9,"column":0},"end":{"line":9,"column":37}},"9":{"start":{"line":10,"column":0},"end":{"line":10,"column":59}},"10":{"start":{"line":11,"column":0},"end":{"line":11,"column":3}},"11":{"start":{"line":12,"column":0},"end":{"line":12,"column":13}},"12":{"start":{"line":13,"column":0},"end":{"line":13,"column":1}},"14":{"start":{"line":15,"column":0},"end":{"line":15,"column":69}},"15":{"start":{"line":16,"column":0},"end":{"line":16,"column":31}},"16":{"start":{"line":17,"column":0},"end":{"line":17,"column":26}},"18":{"start":{"line":19,"column":0},"end":{"line":19,"column":34}},"19":{"start":{"line":20,"column":0},"end":{"line":20,"column":43}},"21":{"start":{"line":22,"column":0},"end":{"line":22,"column":31}},"22":{"start":{"line":23,"column":0},"end":{"line":23,"column":59}},"24":{"start":{"line":25,"column":0},"end":{"line":25,"column":43}},"25":{"start":{"line":26,"column":0},"end":{"line":26,"column":37}},"26":{"start":{"line":27,"column":0},"end":{"line":27,"column":30}},"28":{"start":{"line":29,"column":0},"end":{"line":29,"column":36}},"29":{"start":{"line":30,"column":0},"end":{"line":30,"column":43}},"30":{"start":{"line":31,"column":0},"end":{"line":31,"column":40}},"31":{"start":{"line":32,"column":0},"end":{"line":32,"column":14}},"32":{"start":{"line":33,"column":0},"end":{"line":33,"column":40}},"33":{"start":{"line":34,"column":0},"end":{"line":34,"column":7}},"34":{"start":{"line":35,"column":0},"end":{"line":35,"column":5}},"35":{"start":{"line":36,"column":0},"end":{"line":36,"column":3}},"37":{"start":{"line":38,"column":0},"end":{"line":38,"column":13}},"38":{"start":{"line":39,"column":0},"end":{"line":39,"column":1}},"40":{"start":{"line":41,"column":0},"end":{"line":41,"column":93}},"41":{"start":{"line":42,"column":0},"end":{"line":42,"column":68}},"42":{"start":{"line":43,"column":0},"end":{"line":43,"column":1}},"44":{"start":{"line":45,"column":0},"end":{"line":45,"column":93}},"45":{"start":{"line":46,"column":0},"end":{"line":46,"column":68}},"46":{"start":{"line":47,"column":0},"end":{"line":47,"column":1}},"48":{"start":{"line":49,"column":0},"end":{"line":49,"column":38}},"49":{"start":{"line":50,"column":0},"end":{"line":50,"column":20}},"50":{"start":{"line":51,"column":0},"end":{"line":51,"column":28}},"51":{"start":{"line":52,"column":0},"end":{"line":52,"column":32}},"52":{"start":{"line":53,"column":0},"end":{"line":53,"column":27}},"53":{"start":{"line":54,"column":0},"end":{"line":54,"column":1}}},"s":{"0":1,"2":1,"6":50,"7":50,"8":50,"9":3200,"10":3200,"11":50,"12":50,"14":1,"15":53,"16":53,"18":50,"19":50,"21":53,"22":221,"24":221,"25":1687,"26":1687,"28":162,"29":1687,"30":83,"31":1687,"32":79,"33":79,"34":1687,"35":221,"37":50,"38":50,"40":1,"41":1,"42":1,"44":1,"45":21,"46":21,"48":1,"49":1,"50":1,"51":1,"52":1,"53":1},"branchMap":{"0":{"type":"branch","line":7,"loc":{"start":{"line":7,"column":0},"end":{"line":13,"column":1}},"locations":[{"start":{"line":7,"column":0},"end":{"line":13,"column":1}}]},"1":{"type":"branch","line":9,"loc":{"start":{"line":9,"column":36},"end":{"line":11,"column":3}},"locations":[{"start":{"line":9,"column":36},"end":{"line":11,"column":3}}]},"2":{"type":"branch","line":15,"loc":{"start":{"line":15,"column":7},"end":{"line":39,"column":1}},"locations":[{"start":{"line":15,"column":7},"end":{"line":39,"column":1}}]},"3":{"type":"branch","line":17,"loc":{"start":{"line":17,"column":14},"end":{"line":17,"column":26}},"locations":[{"start":{"line":17,"column":14},"end":{"line":17,"column":26}}]},"4":{"type":"branch","line":17,"loc":{"start":{"line":17,"column":21},"end":{"line":22,"column":30}},"locations":[{"start":{"line":17,"column":21},"end":{"line":22,"column":30}}]},"5":{"type":"branch","line":22,"loc":{"start":{"line":22,"column":30},"end":{"line":36,"column":3}},"locations":[{"start":{"line":22,"column":30},"end":{"line":36,"column":3}}]},"6":{"type":"branch","line":25,"loc":{"start":{"line":25,"column":42},"end":{"line":35,"column":5}},"locations":[{"start":{"line":25,"column":42},"end":{"line":35,"column":5}}]},"7":{"type":"branch","line":27,"loc":{"start":{"line":27,"column":21},"end":{"line":27,"column":30}},"locations":[{"start":{"line":27,"column":21},"end":{"line":27,"column":30}}]},"8":{"type":"branch","line":27,"loc":{"start":{"line":27,"column":21},"end":{"line":30,"column":42}},"locations":[{"start":{"line":27,"column":21},"end":{"line":30,"column":42}}]},"9":{"type":"branch","line":30,"loc":{"start":{"line":30,"column":42},"end":{"line":32,"column":13}},"locations":[{"start":{"line":30,"column":42},"end":{"line":32,"column":13}}]},"10":{"type":"branch","line":32,"loc":{"start":{"line":32,"column":6},"end":{"line":34,"column":7}},"locations":[{"start":{"line":32,"column":6},"end":{"line":34,"column":7}}]},"11":{"type":"branch","line":36,"loc":{"start":{"line":36,"column":2},"end":{"line":39,"column":1}},"locations":[{"start":{"line":36,"column":2},"end":{"line":39,"column":1}}]},"12":{"type":"branch","line":41,"loc":{"start":{"line":41,"column":7},"end":{"line":43,"column":1}},"locations":[{"start":{"line":41,"column":7},"end":{"line":43,"column":1}}]},"13":{"type":"branch","line":42,"loc":{"start":{"line":42,"column":34},"end":{"line":42,"column":66}},"locations":[{"start":{"line":42,"column":34},"end":{"line":42,"column":66}}]},"14":{"type":"branch","line":45,"loc":{"start":{"line":45,"column":7},"end":{"line":47,"column":1}},"locations":[{"start":{"line":45,"column":7},"end":{"line":47,"column":1}}]},"15":{"type":"branch","line":46,"loc":{"start":{"line":46,"column":34},"end":{"line":46,"column":66}},"locations":[{"start":{"line":46,"column":34},"end":{"line":46,"column":66}}]},"16":{"type":"branch","line":49,"loc":{"start":{"line":49,"column":7},"end":{"line":54,"column":1}},"locations":[{"start":{"line":49,"column":7},"end":{"line":54,"column":1}}]}},"b":{"0":[50],"1":[3200],"2":[53],"3":[3],"4":[50],"5":[221],"6":[1687],"7":[1525],"8":[162],"9":[83],"10":[79],"11":[50],"12":[1],"13":[1],"14":[21],"15":[21],"16":[1]},"fnMap":{"0":{"name":"emptyInfluenceMap","decl":{"start":{"line":7,"column":0},"end":{"line":13,"column":1}},"loc":{"start":{"line":7,"column":0},"end":{"line":13,"column":1}},"line":7},"1":{"name":"buildInfluenceMap","decl":{"start":{"line":15,"column":7},"end":{"line":39,"column":1}},"loc":{"start":{"line":15,"column":7},"end":{"line":39,"column":1}},"line":15},"2":{"name":"hasDefender","decl":{"start":{"line":41,"column":7},"end":{"line":43,"column":1}},"loc":{"start":{"line":41,"column":7},"end":{"line":43,"column":1}},"line":41},"3":{"name":"hasAttacker","decl":{"start":{"line":45,"column":7},"end":{"line":47,"column":1}},"loc":{"start":{"line":45,"column":7},"end":{"line":47,"column":1}},"line":45},"4":{"name":"findInfluenceForPiece","decl":{"start":{"line":49,"column":7},"end":{"line":54,"column":1}},"loc":{"start":{"line":49,"column":7},"end":{"line":54,"column":1}},"line":49}},"f":{"0":50,"1":53,"2":1,"3":21,"4":1}}
,"/Users/alexhu/Documents/GitHub/Blind-Chess-Trainer/packages/chess-core/src/motifs/linear.ts": {"path":"/Users/alexhu/Documents/GitHub/Blind-Chess-Trainer/packages/chess-core/src/motifs/linear.ts","all":false,"statementMap":{"2":{"start":{"line":3,"column":0},"end":{"line":3,"column":8}},"12":{"start":{"line":13,"column":0},"end":{"line":13,"column":42}},"14":{"start":{"line":15,"column":0},"end":{"line":15,"column":59}},"15":{"start":{"line":16,"column":0},"end":{"line":16,"column":25}},"17":{"start":{"line":18,"column":0},"end":{"line":18,"column":17}},"18":{"start":{"line":19,"column":0},"end":{"line":19,"column":20}},"19":{"start":{"line":20,"column":0},"end":{"line":20,"column":20}},"20":{"start":{"line":21,"column":0},"end":{"line":21,"column":20}},"21":{"start":{"line":22,"column":0},"end":{"line":22,"column":13}},"22":{"start":{"line":23,"column":0},"end":{"line":23,"column":13}},"23":{"start":{"line":24,"column":0},"end":{"line":24,"column":75}},"24":{"start":{"line":25,"column":0},"end":{"line":25,"column":90}},"25":{"start":{"line":26,"column":0},"end":{"line":26,"column":25}},"26":{"start":{"line":27,"column":0},"end":{"line":27,"column":25}},"28":{"start":{"line":29,"column":0},"end":{"line":29,"column":16}},"29":{"start":{"line":30,"column":0},"end":{"line":30,"column":36}},"30":{"start":{"line":31,"column":0},"end":{"line":31,"column":19}},"32":{"start":{"line":33,"column":0},"end":{"line":33,"column":31}},"33":{"start":{"line":34,"column":0},"end":{"line":34,"column":19}},"34":{"start":{"line":35,"column":0},"end":{"line":35,"column":49}},"35":{"start":{"line":36,"column":0},"end":{"line":36,"column":12}},"36":{"start":{"line":37,"column":0},"end":{"line":37,"column":5}},"38":{"start":{"line":39,"column":0},"end":{"line":39,"column":12}},"39":{"start":{"line":40,"column":0},"end":{"line":40,"column":12}},"40":{"start":{"line":41,"column":0},"end":{"line":41,"column":3}},"42":{"start":{"line":43,"column":0},"end":{"line":43,"column":14}},"43":{"start":{"line":44,"column":0},"end":{"line":44,"column":1}},"45":{"start":{"line":46,"column":0},"end":{"line":46,"column":25}},"46":{"start":{"line":47,"column":0},"end":{"line":47,"column":20}},"47":{"start":{"line":48,"column":0},"end":{"line":48,"column":15}},"48":{"start":{"line":49,"column":0},"end":{"line":49,"column":15}},"49":{"start":{"line":50,"column":0},"end":{"line":50,"column":13}},"50":{"start":{"line":51,"column":0},"end":{"line":51,"column":13}},"51":{"start":{"line":52,"column":0},"end":{"line":52,"column":80}},"52":{"start":{"line":53,"column":0},"end":{"line":53,"column":20}},"53":{"start":{"line":54,"column":0},"end":{"line":54,"column":20}},"55":{"start":{"line":56,"column":0},"end":{"line":56,"column":16}},"56":{"start":{"line":57,"column":0},"end":{"line":57,"column":36}},"57":{"start":{"line":58,"column":0},"end":{"line":58,"column":25}},"59":{"start":{"line":60,"column":0},"end":{"line":60,"column":31}},"60":{"start":{"line":61,"column":0},"end":{"line":61,"column":19}},"61":{"start":{"line":62,"column":0},"end":{"line":62,"column":45}},"62":{"start":{"line":63,"column":0},"end":{"line":63,"column":5}},"64":{"start":{"line":65,"column":0},"end":{"line":65,"column":12}},"65":{"start":{"line":66,"column":0},"end":{"line":66,"column":12}},"66":{"start":{"line":67,"column":0},"end":{"line":67,"column":3}},"67":{"start":{"line":68,"column":0},"end":{"line":68,"column":1}},"69":{"start":{"line":70,"column":0},"end":{"line":70,"column":48}},"70":{"start":{"line":71,"column":0},"end":{"line":71,"column":54}},"71":{"start":{"line":72,"column":0},"end":{"line":72,"column":1}},"73":{"start":{"line":74,"column":0},"end":{"line":74,"column":108}},"74":{"start":{"line":75,"column":0},"end":{"line":75,"column":108}},"75":{"start":{"line":76,"column":0},"end":{"line":76,"column":1}},"77":{"start":{"line":78,"column":0},"end":{"line":78,"column":86}},"78":{"start":{"line":79,"column":0},"end":{"line":79,"column":31}},"79":{"start":{"line":80,"column":0},"end":{"line":80,"column":24}},"81":{"start":{"line":82,"column":0},"end":{"line":82,"column":29}},"82":{"start":{"line":83,"column":0},"end":{"line":83,"column":81}},"84":{"start":{"line":85,"column":0},"end":{"line":85,"column":34}},"85":{"start":{"line":86,"column":0},"end":{"line":86,"column":59}},"87":{"start":{"line":88,"column":0},"end":{"line":88,"column":62}},"88":{"start":{"line":89,"column":0},"end":{"line":89,"column":58}},"89":{"start":{"line":90,"column":0},"end":{"line":90,"column":42}},"91":{"start":{"line":92,"column":0},"end":{"line":92,"column":60}},"92":{"start":{"line":93,"column":0},"end":{"line":93,"column":51}},"93":{"start":{"line":94,"column":0},"end":{"line":94,"column":76}},"95":{"start":{"line":96,"column":0},"end":{"line":96,"column":70}},"96":{"start":{"line":97,"column":0},"end":{"line":97,"column":61}},"97":{"start":{"line":98,"column":0},"end":{"line":98,"column":29}},"99":{"start":{"line":100,"column":0},"end":{"line":100,"column":38}},"100":{"start":{"line":101,"column":0},"end":{"line":101,"column":47}},"102":{"start":{"line":103,"column":0},"end":{"line":103,"column":46}},"103":{"start":{"line":104,"column":0},"end":{"line":104,"column":44}},"105":{"start":{"line":106,"column":0},"end":{"line":106,"column":31}},"106":{"start":{"line":107,"column":0},"end":{"line":107,"column":80}},"107":{"start":{"line":108,"column":0},"end":{"line":108,"column":35}},"108":{"start":{"line":109,"column":0},"end":{"line":109,"column":10}},"109":{"start":{"line":110,"column":0},"end":{"line":110,"column":46}},"111":{"start":{"line":112,"column":0},"end":{"line":112,"column":68}},"112":{"start":{"line":113,"column":0},"end":{"line":113,"column":31}},"113":{"start":{"line":114,"column":0},"end":{"line":114,"column":22}},"114":{"start":{"line":115,"column":0},"end":{"line":115,"column":14}},"115":{"start":{"line":116,"column":0},"end":{"line":116,"column":45}},"116":{"start":{"line":117,"column":0},"end":{"line":117,"column":19}},"117":{"start":{"line":118,"column":0},"end":{"line":118,"column":29}},"118":{"start":{"line":119,"column":0},"end":{"line":119,"column":27}},"119":{"start":{"line":120,"column":0},"end":{"line":120,"column":18}},"120":{"start":{"line":121,"column":0},"end":{"line":121,"column":10}},"121":{"start":{"line":122,"column":0},"end":{"line":122,"column":25}},"122":{"start":{"line":123,"column":0},"end":{"line":123,"column":17}},"123":{"start":{"line":124,"column":0},"end":{"line":124,"column":29}},"124":{"start":{"line":125,"column":0},"end":{"line":125,"column":50}},"125":{"start":{"line":126,"column":0},"end":{"line":126,"column":9}},"126":{"start":{"line":127,"column":0},"end":{"line":127,"column":37}},"127":{"start":{"line":128,"column":0},"end":{"line":128,"column":25}},"128":{"start":{"line":129,"column":0},"end":{"line":129,"column":14}},"129":{"start":{"line":130,"column":0},"end":{"line":130,"column":39}},"130":{"start":{"line":131,"column":0},"end":{"line":131,"column":19}},"131":{"start":{"line":132,"column":0},"end":{"line":132,"column":28}},"132":{"start":{"line":133,"column":0},"end":{"line":133,"column":26}},"133":{"start":{"line":134,"column":0},"end":{"line":134,"column":10}},"134":{"start":{"line":135,"column":0},"end":{"line":135,"column":28}},"135":{"start":{"line":136,"column":0},"end":{"line":136,"column":7}},"136":{"start":{"line":137,"column":0},"end":{"line":137,"column":5}},"137":{"start":{"line":138,"column":0},"end":{"line":138,"column":3}},"139":{"start":{"line":140,"column":0},"end":{"line":140,"column":16}},"140":{"start":{"line":141,"column":0},"end":{"line":141,"column":1}}},"s":{"2":1,"12":1,"14":1,"15":1,"17":140,"18":140,"19":140,"20":140,"21":140,"22":140,"23":140,"24":140,"25":140,"26":140,"28":140,"29":468,"30":468,"32":365,"33":468,"34":37,"35":37,"36":37,"38":328,"39":328,"40":328,"42":140,"43":140,"45":21,"46":21,"47":21,"48":21,"49":21,"50":21,"51":21,"52":21,"53":21,"55":21,"56":37,"57":37,"59":29,"60":37,"61":13,"62":13,"64":16,"65":16,"66":16,"67":21,"69":82,"70":82,"71":82,"73":21,"74":21,"75":21,"77":1,"78":20,"79":20,"81":20,"82":20,"84":20,"85":27,"87":27,"88":140,"89":140,"91":37,"92":37,"93":21,"95":21,"96":21,"97":21,"99":13,"100":13,"102":13,"103":13,"105":140,"106":9,"107":9,"108":9,"109":9,"111":9,"112":9,"113":9,"114":9,"115":9,"116":9,"117":9,"118":9,"119":9,"120":9,"121":9,"122":9,"123":4,"124":4,"125":4,"126":3,"127":3,"128":3,"129":3,"130":3,"131":3,"132":3,"133":3,"134":3,"135":3,"136":140,"137":27,"139":20,"140":20},"branchMap":{"0":{"type":"branch","line":18,"loc":{"start":{"line":18,"column":0},"end":{"line":44,"column":1}},"locations":[{"start":{"line":18,"column":0},"end":{"line":44,"column":1}}]},"1":{"type":"branch","line":29,"loc":{"start":{"line":29,"column":15},"end":{"line":41,"column":3}},"locations":[{"start":{"line":29,"column":15},"end":{"line":41,"column":3}}]},"2":{"type":"branch","line":31,"loc":{"start":{"line":31,"column":13},"end":{"line":31,"column":19}},"locations":[{"start":{"line":31,"column":13},"end":{"line":31,"column":19}}]},"3":{"type":"branch","line":31,"loc":{"start":{"line":31,"column":13},"end":{"line":34,"column":18}},"locations":[{"start":{"line":31,"column":13},"end":{"line":34,"column":18}}]},"4":{"type":"branch","line":34,"loc":{"start":{"line":34,"column":18},"end":{"line":37,"column":5}},"locations":[{"start":{"line":34,"column":18},"end":{"line":37,"column":5}}]},"5":{"type":"branch","line":37,"loc":{"start":{"line":37,"column":4},"end":{"line":41,"column":3}},"locations":[{"start":{"line":37,"column":4},"end":{"line":41,"column":3}}]},"6":{"type":"branch","line":46,"loc":{"start":{"line":46,"column":0},"end":{"line":68,"column":1}},"locations":[{"start":{"line":46,"column":0},"end":{"line":68,"column":1}}]},"7":{"type":"branch","line":56,"loc":{"start":{"line":56,"column":15},"end":{"line":67,"column":3}},"locations":[{"start":{"line":56,"column":15},"end":{"line":67,"column":3}}]},"8":{"type":"branch","line":58,"loc":{"start":{"line":58,"column":13},"end":{"line":58,"column":25}},"locations":[{"start":{"line":58,"column":13},"end":{"line":58,"column":25}}]},"9":{"type":"branch","line":58,"loc":{"start":{"line":58,"column":20},"end":{"line":61,"column":18}},"locations":[{"start":{"line":58,"column":20},"end":{"line":61,"column":18}}]},"10":{"type":"branch","line":61,"loc":{"start":{"line":61,"column":18},"end":{"line":63,"column":5}},"locations":[{"start":{"line":61,"column":18},"end":{"line":63,"column":5}}]},"11":{"type":"branch","line":63,"loc":{"start":{"line":63,"column":4},"end":{"line":67,"column":3}},"locations":[{"start":{"line":63,"column":4},"end":{"line":67,"column":3}}]},"12":{"type":"branch","line":70,"loc":{"start":{"line":70,"column":0},"end":{"line":72,"column":1}},"locations":[{"start":{"line":70,"column":0},"end":{"line":72,"column":1}}]},"13":{"type":"branch","line":71,"loc":{"start":{"line":71,"column":18},"end":{"line":71,"column":41}},"locations":[{"start":{"line":71,"column":18},"end":{"line":71,"column":41}}]},"14":{"type":"branch","line":71,"loc":{"start":{"line":71,"column":34},"end":{"line":71,"column":54}},"locations":[{"start":{"line":71,"column":34},"end":{"line":71,"column":54}}]},"15":{"type":"branch","line":74,"loc":{"start":{"line":74,"column":0},"end":{"line":76,"column":1}},"locations":[{"start":{"line":74,"column":0},"end":{"line":76,"column":1}}]},"16":{"type":"branch","line":78,"loc":{"start":{"line":78,"column":7},"end":{"line":141,"column":1}},"locations":[{"start":{"line":78,"column":7},"end":{"line":141,"column":1}}]},"17":{"type":"branch","line":80,"loc":{"start":{"line":80,"column":14},"end":{"line":80,"column":24}},"locations":[{"start":{"line":80,"column":14},"end":{"line":80,"column":24}}]},"18":{"type":"branch","line":85,"loc":{"start":{"line":85,"column":33},"end":{"line":138,"column":3}},"locations":[{"start":{"line":85,"column":33},"end":{"line":138,"column":3}}]},"19":{"type":"branch","line":88,"loc":{"start":{"line":88,"column":61},"end":{"line":137,"column":5}},"locations":[{"start":{"line":88,"column":61},"end":{"line":137,"column":5}}]},"20":{"type":"branch","line":90,"loc":{"start":{"line":90,"column":33},"end":{"line":90,"column":42}},"locations":[{"start":{"line":90,"column":33},"end":{"line":90,"column":42}}]},"21":{"type":"branch","line":90,"loc":{"start":{"line":90,"column":33},"end":{"line":93,"column":51}},"locations":[{"start":{"line":90,"column":33},"end":{"line":93,"column":51}}]},"22":{"type":"branch","line":93,"loc":{"start":{"line":93,"column":42},"end":{"line":93,"column":51}},"locations":[{"start":{"line":93,"column":42},"end":{"line":93,"column":51}}]},"23":{"type":"branch","line":93,"loc":{"start":{"line":93,"column":42},"end":{"line":94,"column":76}},"locations":[{"start":{"line":93,"column":42},"end":{"line":94,"column":76}}]},"24":{"type":"branch","line":94,"loc":{"start":{"line":94,"column":67},"end":{"line":94,"column":76}},"locations":[{"start":{"line":94,"column":67},"end":{"line":94,"column":76}}]},"25":{"type":"branch","line":94,"loc":{"start":{"line":94,"column":67},"end":{"line":98,"column":29}},"locations":[{"start":{"line":94,"column":67},"end":{"line":98,"column":29}}]},"26":{"type":"branch","line":98,"loc":{"start":{"line":98,"column":20},"end":{"line":98,"column":29}},"locations":[{"start":{"line":98,"column":20},"end":{"line":98,"column":29}}]},"27":{"type":"branch","line":98,"loc":{"start":{"line":98,"column":20},"end":{"line":101,"column":47}},"locations":[{"start":{"line":98,"column":20},"end":{"line":101,"column":47}}]},"28":{"type":"branch","line":101,"loc":{"start":{"line":101,"column":38},"end":{"line":101,"column":47}},"locations":[{"start":{"line":101,"column":38},"end":{"line":101,"column":47}}]},"29":{"type":"branch","line":101,"loc":{"start":{"line":101,"column":38},"end":{"line":106,"column":30}},"locations":[{"start":{"line":101,"column":38},"end":{"line":106,"column":30}}]},"30":{"type":"branch","line":106,"loc":{"start":{"line":106,"column":30},"end":{"line":123,"column":17}},"locations":[{"start":{"line":106,"column":30},"end":{"line":123,"column":17}}]},"31":{"type":"branch","line":110,"loc":{"start":{"line":110,"column":37},"end":{"line":110,"column":46}},"locations":[{"start":{"line":110,"column":37},"end":{"line":110,"column":46}}]},"32":{"type":"branch","line":110,"loc":{"start":{"line":110,"column":37},"end":{"line":112,"column":44}},"locations":[{"start":{"line":110,"column":37},"end":{"line":112,"column":44}}]},"33":{"type":"branch","line":112,"loc":{"start":{"line":112,"column":38},"end":{"line":112,"column":57}},"locations":[{"start":{"line":112,"column":38},"end":{"line":112,"column":57}}]},"34":{"type":"branch","line":112,"loc":{"start":{"line":112,"column":44},"end":{"line":112,"column":68}},"locations":[{"start":{"line":112,"column":44},"end":{"line":112,"column":68}}]},"35":{"type":"branch","line":123,"loc":{"start":{"line":123,"column":6},"end":{"line":136,"column":7}},"locations":[{"start":{"line":123,"column":6},"end":{"line":136,"column":7}}]},"36":{"type":"branch","line":125,"loc":{"start":{"line":125,"column":24},"end":{"line":125,"column":50}},"locations":[{"start":{"line":125,"column":24},"end":{"line":125,"column":50}}]},"37":{"type":"branch","line":126,"loc":{"start":{"line":126,"column":8},"end":{"line":136,"column":7}},"locations":[{"start":{"line":126,"column":8},"end":{"line":136,"column":7}}]},"38":{"type":"branch","line":83,"loc":{"start":{"line":83,"column":50},"end":{"line":83,"column":79}},"locations":[{"start":{"line":83,"column":50},"end":{"line":83,"column":79}}]}},"b":{"0":[140],"1":[468],"2":[103],"3":[365],"4":[37],"5":[328],"6":[21],"7":[37],"8":[8],"9":[29],"10":[13],"11":[16],"12":[82],"13":[74],"14":[60],"15":[21],"16":[20],"17":[0],"18":[27],"19":[140],"20":[103],"21":[37],"22":[16],"23":[21],"24":[0],"25":[21],"26":[8],"27":[13],"28":[0],"29":[13],"30":[9],"31":[1],"32":[8],"33":[7],"34":[1],"35":[4],"36":[1],"37":[3],"38":[82]},"fnMap":{"0":{"name":"walkRay","decl":{"start":{"line":18,"column":0},"end":{"line":44,"column":1}},"loc":{"start":{"line":18,"column":0},"end":{"line":44,"column":1}},"line":18},"1":{"name":"continueRayPast","decl":{"start":{"line":46,"column":0},"end":{"line":68,"column":1}},"loc":{"start":{"line":46,"column":0},"end":{"line":68,"column":1}},"line":46},"2":{"name":"isSlidingPiece","decl":{"start":{"line":70,"column":0},"end":{"line":72,"column":1}},"loc":{"start":{"line":70,"column":0},"end":{"line":72,"column":1}},"line":70},"3":{"name":"confirmsAttack","decl":{"start":{"line":74,"column":0},"end":{"line":76,"column":1}},"loc":{"start":{"line":74,"column":0},"end":{"line":76,"column":1}},"line":74},"4":{"name":"detectLinearMotifs","decl":{"start":{"line":78,"column":7},"end":{"line":141,"column":1}},"loc":{"start":{"line":78,"column":7},"end":{"line":141,"column":1}},"line":78}},"f":{"0":140,"1":21,"2":82,"3":21,"4":20}}
,"/Users/alexhu/Documents/GitHub/Blind-Chess-Trainer/packages/chess-core/src/motifs/primitives.ts": {"path":"/Users/alexhu/Documents/GitHub/Blind-Chess-Trainer/packages/chess-core/src/motifs/primitives.ts","all":false,"statementMap":{"0":{"start":{"line":1,"column":0},"end":{"line":1,"column":91}},"1":{"start":{"line":2,"column":0},"end":{"line":2,"column":61}},"4":{"start":{"line":5,"column":0},"end":{"line":5,"column":58}},"5":{"start":{"line":6,"column":0},"end":{"line":6,"column":7}},"6":{"start":{"line":7,"column":0},"end":{"line":7,"column":7}},"7":{"start":{"line":8,"column":0},"end":{"line":8,"column":7}},"8":{"start":{"line":9,"column":0},"end":{"line":9,"column":7}},"9":{"start":{"line":10,"column":0},"end":{"line":10,"column":7}},"10":{"start":{"line":11,"column":0},"end":{"line":11,"column":9}},"11":{"start":{"line":12,"column":0},"end":{"line":12,"column":2}},"15":{"start":{"line":16,"column":0},"end":{"line":16,"column":64}},"17":{"start":{"line":18,"column":0},"end":{"line":18,"column":39}},"18":{"start":{"line":19,"column":0},"end":{"line":19,"column":35}},"19":{"start":{"line":20,"column":0},"end":{"line":20,"column":2}},"21":{"start":{"line":22,"column":0},"end":{"line":22,"column":41}},"22":{"start":{"line":23,"column":0},"end":{"line":23,"column":37}},"23":{"start":{"line":24,"column":0},"end":{"line":24,"column":2}},"25":{"start":{"line":26,"column":0},"end":{"line":26,"column":44}},"26":{"start":{"line":27,"column":0},"end":{"line":27,"column":37}},"27":{"start":{"line":28,"column":0},"end":{"line":28,"column":37}},"28":{"start":{"line":29,"column":0},"end":{"line":29,"column":2}},"30":{"start":{"line":31,"column":0},"end":{"line":31,"column":42}},"31":{"start":{"line":32,"column":0},"end":{"line":32,"column":35}},"32":{"start":{"line":33,"column":0},"end":{"line":33,"column":37}},"33":{"start":{"line":34,"column":0},"end":{"line":34,"column":2}},"35":{"start":{"line":36,"column":0},"end":{"line":36,"column":87}},"36":{"start":{"line":37,"column":0},"end":{"line":37,"column":33}},"37":{"start":{"line":38,"column":0},"end":{"line":38,"column":1}},"39":{"start":{"line":40,"column":0},"end":{"line":40,"column":80}},"40":{"start":{"line":41,"column":0},"end":{"line":41,"column":66}},"41":{"start":{"line":42,"column":0},"end":{"line":42,"column":43}},"42":{"start":{"line":43,"column":0},"end":{"line":43,"column":24}},"43":{"start":{"line":44,"column":0},"end":{"line":44,"column":1}},"45":{"start":{"line":46,"column":0},"end":{"line":46,"column":75}},"46":{"start":{"line":47,"column":0},"end":{"line":47,"column":64}},"47":{"start":{"line":48,"column":0},"end":{"line":48,"column":47}},"48":{"start":{"line":49,"column":0},"end":{"line":49,"column":1}},"50":{"start":{"line":51,"column":0},"end":{"line":51,"column":59}},"51":{"start":{"line":52,"column":0},"end":{"line":52,"column":7}},"52":{"start":{"line":53,"column":0},"end":{"line":53,"column":33}},"53":{"start":{"line":54,"column":0},"end":{"line":54,"column":35}},"55":{"start":{"line":56,"column":0},"end":{"line":56,"column":39}},"56":{"start":{"line":57,"column":0},"end":{"line":57,"column":53}},"57":{"start":{"line":58,"column":0},"end":{"line":58,"column":18}},"58":{"start":{"line":59,"column":0},"end":{"line":59,"column":68}},"59":{"start":{"line":60,"column":0},"end":{"line":60,"column":14}},"60":{"start":{"line":61,"column":0},"end":{"line":61,"column":29}},"61":{"start":{"line":62,"column":0},"end":{"line":62,"column":7}},"62":{"start":{"line":63,"column":0},"end":{"line":63,"column":5}},"64":{"start":{"line":65,"column":0},"end":{"line":65,"column":17}},"65":{"start":{"line":66,"column":0},"end":{"line":66,"column":11}},"66":{"start":{"line":67,"column":0},"end":{"line":67,"column":16}},"67":{"start":{"line":68,"column":0},"end":{"line":68,"column":3}},"68":{"start":{"line":69,"column":0},"end":{"line":69,"column":1}},"70":{"start":{"line":71,"column":0},"end":{"line":71,"column":74}},"71":{"start":{"line":72,"column":0},"end":{"line":72,"column":37}},"72":{"start":{"line":73,"column":0},"end":{"line":73,"column":39}},"73":{"start":{"line":74,"column":0},"end":{"line":74,"column":58}},"74":{"start":{"line":75,"column":0},"end":{"line":75,"column":12}},"75":{"start":{"line":76,"column":0},"end":{"line":76,"column":1}},"77":{"start":{"line":78,"column":0},"end":{"line":78,"column":61}},"78":{"start":{"line":79,"column":0},"end":{"line":79,"column":41}},"79":{"start":{"line":80,"column":0},"end":{"line":80,"column":39}},"80":{"start":{"line":81,"column":0},"end":{"line":81,"column":1}},"82":{"start":{"line":83,"column":0},"end":{"line":83,"column":33}},"83":{"start":{"line":84,"column":0},"end":{"line":84,"column":18}},"84":{"start":{"line":85,"column":0},"end":{"line":85,"column":20}},"85":{"start":{"line":86,"column":0},"end":{"line":86,"column":13}},"86":{"start":{"line":87,"column":0},"end":{"line":87,"column":54}},"87":{"start":{"line":88,"column":0},"end":{"line":88,"column":31}},"89":{"start":{"line":90,"column":0},"end":{"line":90,"column":27}},"90":{"start":{"line":91,"column":0},"end":{"line":91,"column":44}},"91":{"start":{"line":92,"column":0},"end":{"line":92,"column":54}},"92":{"start":{"line":93,"column":0},"end":{"line":93,"column":31}},"93":
[...]
rt":{"line":144,"column":0},"end":{"line":144,"column":32}},"144":{"start":{"line":145,"column":0},"end":{"line":145,"column":5}},"145":{"start":{"line":146,"column":0},"end":{"line":146,"column":1}}},"s":{"0":1,"1":1,"4":1,"5":1,"6":1,"7":1,"8":1,"9":1,"10":1,"11":1,"15":1,"17":1,"18":1,"19":1,"21":1,"22":1,"23":1,"25":1,"26":1,"27":1,"28":1,"30":1,"31":1,"32":1,"33":1,"35":1,"36":637,"37":637,"39":1,"40":299,"41":299,"42":299,"43":299,"45":1,"46":2925,"47":2180,"48":2180,"50":1,"51":149,"52":149,"53":149,"55":149,"56":9216,"57":9216,"58":637,"59":9216,"60":8579,"61":8579,"62":9216,"64":144,"65":149,"66":5,"67":5,"68":149,"70":1,"71":105,"72":104,"73":36,"74":0,"75":0,"77":39,"78":39,"79":39,"80":39,"82":1,"83":234,"84":234,"85":234,"86":234,"87":234,"89":234,"90":17,"91":136,"92":136,"93":136,"94":17,"95":17,"97":234,"98":100,"99":800,"100":800,"101":800,"102":100,"103":100,"105":234,"106":39,"107":78,"108":78,"109":78,"110":39,"111":39,"113":234,"114":424,"115":424,"117":424,"118":1392,"119":1392,"121":1074,"122":1074,"124":968,"125":968,"126":968,"127":424,"129":78,"130":78,"132":1,"133":29,"134":29,"136":1,"137":0,"138":0,"140":1,"141":130,"142":8320,"143":8320,"144":130,"145":130},"branchMap":{"0":{"type":"branch","line":36,"loc":{"start":{"line":36,"column":7},"end":{"line":38,"column":1}},"locations":[{"start":{"line":36,"column":7},"end":{"line":38,"column":1}}]},"1":{"type":"branch","line":40,"loc":{"start":{"line":40,"column":7},"end":{"line":44,"column":1}},"locations":[{"start":{"line":40,"column":7},"end":{"line":44,"column":1}}]},"2":{"type":"branch","line":46,"loc":{"start":{"line":46,"column":7},"end":{"line":49,"column":1}},"locations":[{"start":{"line":46,"column":7},"end":{"line":49,"column":1}}]},"3":{"type":"branch","line":47,"loc":{"start":{"line":47,"column":13},"end":{"line":47,"column":30}},"locations":[{"start":{"line":47,"column":13},"end":{"line":47,"column":30}}]},"4":{"type":"branch","line":47,"loc":{"start":{"line":47,"column":25},"end":{"line":47,"column":42}},"locations":[{"start":{"line":47,"column":25},"end":{"line":47,"column":42}}]},"5":{"type":"branch","line":47,"loc":{"start":{"line":47,"column":37},"end":{"line":47,"column":52}},"locations":[{"start":{"line":47,"column":37},"end":{"line":47,"column":52}}]},"6":{"type":"branch","line":47,"loc":{"start":{"line":47,"column":52},"end":{"line":47,"column":64}},"locations":[{"start":{"line":47,"column":52},"end":{"line":47,"column":64}}]},"7":{"type":"branch","line":47,"loc":{"start":{"line":47,"column":59},"end":{"line":49,"column":1}},"locations":[{"start":{"line":47,"column":59},"end":{"line":49,"column":1}}]},"8":{"type":"branch","line":51,"loc":{"start":{"line":51,"column":7},"end":{"line":69,"column":1}},"locations":[{"start":{"line":51,"column":7},"end":{"line":69,"column":1}}]},"9":{"type":"branch","line":56,"loc":{"start":{"line":56,"column":38},"end":{"line":63,"column":5}},"locations":[{"start":{"line":56,"column":38},"end":{"line":63,"column":5}}]},"10":{"type":"branch","line":58,"loc":{"start":{"line":58,"column":17},"end":{"line":60,"column":13}},"locations":[{"start":{"line":58,"column":17},"end":{"line":60,"column":13}}]},"11":{"type":"branch","line":60,"loc":{"start":{"line":60,"column":6},"end":{"line":62,"column":7}},"locations":[{"start":{"line":60,"column":6},"end":{"line":62,"column":7}}]},"12":{"type":"branch","line":63,"loc":{"start":{"line":63,"column":4},"end":{"line":66,"column":10}},"locations":[{"start":{"line":63,"column":4},"end":{"line":66,"column":10}}]},"13":{"type":"branch","line":66,"loc":{"start":{"line":66,"column":2},"end":{"line":68,"column":3}},"locations":[{"start":{"line":66,"column":2},"end":{"line":68,"column":3}}]},"14":{"type":"branch","line":71,"loc":{"start":{"line":71,"column":7},"end":{"line":76,"column":1}},"locations":[{"start":{"line":71,"column":7},"end":{"line":76,"column":1}}]},"15":{"type":"branch","line":72,"loc":{"start":{"line":72,"column":20},"end":{"line":73,"column":39}},"locations":[{"start":{"line":72,"column":20},"end":{"line":73,"column":39}}]},"16":{"type":"branch","line":72,"loc":{"start":{"line":72,"column":20},"end":{"line":72,"column":37}},"locations":[{"start":{"line":72,"column":20},"end":{"line":72,"column":37}}]},"17":{"type":"branch","line":72,"loc":{"start":{"line":72,"column":27},"end":{"line":73,"column":27}},"locations":[{"start":{"line":72,"column":27},"end":{"line":73,"column":27}}]},"18":{"type":"branch","line":73,"loc":{"start":{"line":73,"column":20},"end":{"line":73,"column":39}},"locations":[{"start":{"line":73,"column":20},"end":{"line":73,"column":39}}]},"19":{"type":"branch","line":73,"loc":{"start":{"line":73,"column":27},"end":{"line":76,"column":1}},"locations":[{"start":{"line":73,"column":27},"end":{"line":76,"column":1}}]},"20":{"type":"branch","line":73,"loc":{"start":{"line":73,"column":27},"end":{"line":74,"column":58}},"locations":[{"start":{"line":73,"column":27},"end":{"line":74,"column":58}}]},"21":{"type":"branch","line":74,"loc":{"start":{"line":74,"column":56},"end":{"line":76,"column":1}},"locations":[{"start":{"line":74,"column":56},"end":{"line":76,"column":1}}]},"22":{"type":"branch","line":78,"loc":{"start":{"line":78,"column":0},"end":{"line":81,"column":1}},"locations":[{"start":{"line":78,"column":0},"end":{"line":81,"column":1}}]},"23":{"type":"branch","line":79,"loc":{"start":{"line":79,"column":28},"end":{"line":79,"column":38}},"locations":[{"start":{"line":79,"column":28},"end":{"line":79,"column":38}}]},"24":{"type":"branch","line":79,"loc":{"start":{"line":79,"column":34},"end":{"line":79,"column":41}},"locations":[{"start":{"line":79,"column":34},"end":{"line":79,"column":41}}]},"25":{"type":"branch","line":83,"loc":{"start":{"line":83,"column":7},"end":{"line":131,"column":1}},"locations":[{"start":{"line":83,"column":7},"end":{"line":131,"column":1}}]},"26":{"type":"branch","line":90,"loc":{"start":{"line":90,"column":26},"end":{"line":96,"column":3}},"locations":[{"start":{"line":90,"column":26},"end":{"line":96,"column":3}}]},"27":{"type":"branch","line":91,"loc":{"start":{"line":91,"column":43},"end":{"line":94,"column":5}},"locations":[{"start":{"line":91,"column":43},"end":{"line":94,"column":5}}]},"28":{"type":"branch","line":93,"loc":{"start":{"line":93,"column":14},"end":{"line":93,"column":31}},"locations":[{"start":{"line":93,"column":14},"end":{"line":93,"column":31}}]},"29":{"type":"branch","line":96,"loc":{"start":{"line":96,"column":2},"end":{"line":98,"column":26}},"locations":[{"start":{"line":96,"column":2},"end":{"line":98,"column":26}}]},"30":{"type":"branch","line":98,"loc":{"start":{"line":98,"column":26},"end":{"line":104,"column":3}},"locations":[{"start":{"line":98,"column":26},"end":{"line":104,"column":3}}]},"31":{"type":"branch","line":99,"loc":{"start":{"line":99,"column":41},"end":{"line":102,"column":5}},"locations":[{"start":{"line":99,"column":41},"end":{"line":102,"column":5}}]},"32":{"type":"branch","line":101,"loc":{"start":{"line":101,"column":14},"end":{"line":101,"column":31}},"locations":[{"start":{"line":101,"column":14},"end":{"line":101,"column":31}}]},"33":{"type":"branch","line":104,"loc":{"start":{"line":104,"column":2},"end":{"line":106,"column":26}},"locations":[{"start":{"line":104,"column":2},"end":{"line":106,"column":26}}]},"34":{"type":"branch","line":106,"loc":{"start":{"line":106,"column":26},"end":{"line":112,"column":3}},"locations":[{"start":{"line":106,"column":26},"end":{"line":112,"column":3}}]},"35":{"type":"branch","line":107,"loc":{"start":{"line":107,"column":58},"end":{"line":110,"column":5}},"locations":[{"start":{"line":107,"column":58},"end":{"line":110,"column":5}}]},"36":{"type":"branch","line":109,"loc":{"start":{"line":109,"column":14},"end":{"line":109,"column":31}},"locations":[{"start":{"line":109,"column":14},"end":{"line":109,"column":31}}]},"37":{"type":"branch","line":112,"loc":{"start":{"line":112,"column":2},"end":{"line":114,"column":56}},"locations":[{"start":{"line":112,"column":2},"end":{"line":114,"column":56}}]},"38":{"type":"branch","line":114,"loc":{"start":{"line":114,"column":56},"end":{"line":128,"column":3}},"locations":[{"start":{"line":114,"column":56},"end":{"line":128,"column":3}}]},"39":{"type":"branch","line":118,"loc":{"start":{"line":118,"column":17},"end":{"line":127,"column":5}},"locations":[{"start":{"line":118,"column":17},"end":{"line":127,"column":5}}]},"40":{"type":"branch","line":120,"loc":{"start":{"line":120,"column":15},"end":{"line":120,"column":21}},"locations":[{"start":{"line":120,"column":15},"end":{"line":120,"column":21}}]},"41":{"type":"branch","line":120,"loc":{"start":{"line":120,"column":15},"end":{"line":123,"column":27}},"locations":[{"start":{"line":120,"column":15},"end":{"line":123,"column":27}}]},"42":{"type":"branch","line":123,"loc":{"start":{"line":123,"column":21},"end":{"line":123,"column":27}},"locations":[{"start":{"line":123,"column":21},"end":{"line":123,"column":27}}]},"43":{"type":"branch","line":123,"loc":{"start":{"line":123,"column":21},"end":{"line":127,"column":5}},"locations":[{"start":{"line":123,"column":21},"end":{"line":127,"column":5}}]},"44":{"type":"branch","line":128,"loc":{"start":{"line":128,"column":2},"end":{"line":131,"column":1}},"locations":[{"start":{"line":128,"column":2},"end":{"line":131,"column":1}}]},"45":{"type":"branch","line":133,"loc":{"start":{"line":133,"column":7},"end":{"line":135,"column":1}},"locations":[{"start":{"line":133,"column":7},"end":{"line":135,"column":1}}]},"46":{"type":"branch","line":141,"loc":{"start":{"line":141,"column":7},"end":{"line":146,"column":1}},"locations":[{"start":{"line":141,"column":7},"end":{"line":146,"column":1}}]},"47":{"type":"branch","line":142,"loc":{"start":{"line":142,"column":29},"end":{"line":145,"column":3}},"locations":[{"start":{"line":142,"column":29},"end":{"line":145,"column":3}}]},"48":{"type":"branch","line":144,"loc":{"start":{"line":144,"column":11},"end":{"line":144,"column":29}},"locations":[{"start":{"line":144,"column":11},"end":{"line":144,"column":29}}]},"49":{"type":"branch","line":144,"loc":{"start":{"line":144,"column":25},"end":{"line":144,"column":32}},"locations":[{"start":{"line":144,"column":25},"end":{"line":144,"column":32}}]}},"b":{"0":[637],"1":[299],"2":[2925],"3":[2786],"4":[2624],"5":[2377],"6":[745],"7":[2180],"8":[149],"9":[9216],"10":[637],"11":[8579],"12":[144],"13":[5],"14":[105],"15":[104],"16":[41],"17":[64],"18":[28],"19":[103],"20":[36],"21":[0],"22":[39],"23":[36],"24":[3],"25":[234],"26":[17],"27":[136],"28":[128],"29":[217],"30":[100],"31":[800],"32":[495],"33":[117],"34":[39],"35":[78],"36":[76],"37":[78],"38":[424],"39":[1392],"40":[318],"41":[1074],"42":[106],"43":[968],"44":[78],"45":[29],"46":[130],"47":[8320],"48":[574],"49":[7746]},"fnMap":{"0":{"name":"toPieceMap","decl":{"start":{"line":36,"column":7},"end":{"line":38,"column":1}},"loc":{"start":{"line":36,"column":7},"end":{"line":38,"column":1}},"line":36},"1":{"name":"squareToCoords","decl":{"start":{"line":40,"column":7},"end":{"line":44,"column":1}},"loc":{"start":{"line":40,"column":7},"end":{"line":44,"column":1}},"line":40},"2":{"name":"coordsToSquare","decl":{"start":{"line":46,"column":7},"end":{"line":49,"column":1}},"loc":{"start":{"line":46,"column":7},"end":{"line":49,"column":1}},"line":46},"3":{"name":"scanBoard","decl":{"start":{"line":51,"column":7},"end":{"line":69,"column":1}},"loc":{"start":{"line":51,"column":7},"end":{"line":69,"column":1}},"line":51},"4":{"name":"slidingDirections","decl":{"start":{"line":71,"column":7},"end":{"line":76,"column":1}},"loc":{"start":{"line":71,"column":7},"end":{"line":76,"column":1}},"line":71},"5":{"name":"pawnAttackDeltas","decl":{"start":{"line":78,"column":0},"end":{"line":81,"column":1}},"loc":{"start":{"line":78,"column":0},"end":{"line":81,"column":1}},"line":78},"6":{"name":"getAttackSquares","decl":{"start":{"line":83,"column":7},"end":{"line":131,"column":1}},"loc":{"start":{"line":83,"column":7},"end":{"line":131,"column":1}},"line":83},"7":{"name":"pieceValue","decl":{"start":{"line":133,"column":7},"end":{"line":135,"column":1}},"loc":{"start":{"line":133,"column":7},"end":{"line":135,"column":1}},"line":133},"8":{"name":"isSamePiece","decl":{"start":{"line":137,"column":7},"end":{"line":139,"column":1}},"loc":{"start":{"line":137,"column":7},"end":{"line":139,"column":1}},"line":137},"9":{"name":"getOccupiedSquares","decl":{"start":{"line":141,"column":7},"end":{"line":146,"column":1}},"loc":{"start":{"line":141,"column":7},"end":{"line":146,"column":1}},"line":141}},"f":{"0":637,"1":299,"2":2925,"3":149,"4":105,"5":39,"6":234,"7":29,"8":0,"9":130}}
,"/Users/alexhu/Documents/GitHub/Blind-Chess-Trainer/packages/chess-core/src/motifs/sorter.ts": {"path":"/Users/alexhu/Documents/GitHub/Blind-Chess-Trainer/packages/chess-core/src/motifs/sorter.ts","all":false,"statementMap":{"1":{"start":{"line":2,"column":0},"end":{"line":2,"column":44}},"3":{"start":{"line":4,"column":0},"end":{"line":4,"column":51}},"4":{"start":{"line":5,"column":0},"end":{"line":5,"column":59}},"6":{"start":{"line":7,"column":0},"end":{"line":7,"column":23}},"7":{"start":{"line":8,"column":0},"end":{"line":8,"column":15}},"8":{"start":{"line":9,"column":0},"end":{"line":9,"column":71}},"9":{"start":{"line":10,"column":0},"end":{"line":10,"column":12}},"10":{"start":{"line":11,"column":0},"end":{"line":11,"column":18}},"11":{"start":{"line":12,"column":0},"end":{"line":12,"column":69}},"12":{"start":{"line":13,"column":0},"end":{"line":13,"column":12}},"13":{"start":{"line":14,"column":0},"end":{"line":14,"column":16}},"14":{"start":{"line":15,"column":0},"end":{"line":15,"column":52}},"15":{"start":{"line":16,"column":0},"end":{"line":16,"column":12}},"16":{"start":{"line":17,"column":0},"end":{"line":17,"column":25}},"17":{"start":{"line":18,"column":0},"end":{"line":18,"column":51}},"18":{"start":{"line":19,"column":0},"end":{"line":19,"column":12}},"19":{"start":{"line":20,"column":0},"end":{"line":20,"column":31}},"20":{"start":{"line":21,"column":0},"end":{"line":21,"column":61}},"21":{"start":{"line":22,"column":0},"end":{"line":22,"column":12}},"22":{"start":{"line":23,"column":0},"end":{"line":23,"column":29}},"23":{"start":{"line":24,"column":0},"end":{"line":24,"column":66}},"24":{"start":{"line":25,"column":0},"end":{"line":25,"column":12}},"25":{"start":{"line":26,"column":0},"end":{"line":26,"column":3}},"27":{"start":{"line":28,"column":0},"end":{"line":28,"column":74}},"28":{"start":{"line":29,"column":0},"end":{"line":29,"column":1}},"30":{"start":{"line":31,"column":0},"end":{"line":31,"column":59}},"31":{"start":{"line":32,"column":0},"end":{"line":32,"column":39}},"33":{"start":{"line":34,"column":0},"end":{"line":34,"column":43}},"34":{"start":{"line":35,"column":0},"end":{"line":35,"column":67}},"35":{"start":{"line":36,"column":0},"end":{"line":36,"column":64}},"36":{"start":{"line":37,"column":0},"end":{"line":37,"column":83}},"37":{"start":{"line":38,"column":0},"end":{"line":38,"column":5}},"38":{"start":{"line":39,"column":0},"end":{"line":39,"column":1}}},"s":{"1":1,"3":12,"4":12,"6":12,"7":12,"8":2,"9":2,"10":12,"11":2,"12":2,"13":12,"14":0,"15":0,"16":12,"17":4,"18":4,"19":12,"20":2,"21":2,"22":12,"23":2,"24":2,"25":12,"27":12,"28":12,"30":1,"31":17,"33":15,"34":14,"35":14,"36":14,"37":15,"38":15},"branchMap":{"0":{"type":"branch","line":4,"loc":{"start":{"line":4,"column":0},"end":{"line":29,"column":1}},"locations":[{"start":{"line":4,"column":0},"end":{"line":29,"column":1}}]},"1":{"type":"branch","line":8,"loc":{"start":{"line":8,"column":4},"end":{"line":10,"column":12}},"locations":[{"start":{"line":8,"column":4},"end":{"line":10,"column":12}}]},"2":{"type":"branch","line":11,"loc":{"start":{"line":11,"column":4},"end":{"line":13,"column":12}},"locations":[{"start":{"line":11,"column":4},"end":{"line":13,"column":12}}]},"3":{"type":"branch","line":14,"loc":{"start":{"line":14,"column":4},"end":{"line":16,"column":12}},"locations":[{"start":{"line":14,"column":4},"end":{"line":16,"column":12}}]},"4":{"type":"branch","line":17,"loc":{"start":{"line":17,"column":4},"end":{"line":19,"column":12}},"locations":[{"start":{"line":17,"column":4},"end":{"line":19,"column":12}}]},"5":{"type":"branch","line":20,"loc":{"start":{"line":20,"column":4},"end":{"line":22,"column":12}},"locations":[{"start":{"line":20,"column":4},"end":{"line":22,"column":12}}]},"6":{"type":"branch","line":23,"loc":{"start":{"line":23,"column":4},"end":{"line":25,"column":12}},"locations":[{"start":{"line":23,"column":4},"end":{"line":25,"column":12}}]},"7":{"type":"branch","line":28,"loc":{"start":{"line":28,"column":23},"end":{"line":28,"column":71}},"locations":[{"start":{"line":28,"column":23},"end":{"line":28,"column":71}}]},"8":{"type":"branch","line":31,"loc":{"start":{"line":31,"column":7},"end":{"line":39,"column":1}},"locations":[{"start":{"line":31,"column":7},"end":{"line":39,"column":1}}]},"9":{"type":"branch","line":32,"loc":{"start":{"line":32,"column":27},"end":{"line":32,"column":39}},"locations":[{"start":{"line":32,"column":27},"end":{"line":32,"column":39}}]},"10":{"type":"branch","line":32,"loc":{"start":{"line":32,"column":34},"end":{"line":39,"column":1}},"locations":[{"start":{"line":32,"column":34},"end":{"line":39,"column":1}}]},"11":{"type":"branch","line":34,"loc":{"start":{"line":34,"column":23},"end":{"line":38,"column":3}},"locations":[{"start":{"line":34,"column":23},"end":{"line":38,"column":3}}]},"12":{"type":"branch","line":35,"loc":{"start":{"line":35,"column":52},"end":{"line":35,"column":67}},"locations":[{"start":{"line":35,"column":52},"end":{"line":35,"column":67}}]},"13":{"type":"branch","line":35,"loc":{"start":{"line":35,"column":59},"end":{"line":36,"column":59}},"locations":[{"start":{"line":35,"column":59},"end":{"line":36,"column":59}}]},"14":{"type":"branch","line":36,"loc":{"start":{"line":36,"column":52},"end":{"line":36,"column":64}},"locations":[{"start":{"line":36,"column":52},"end":{"line":36,"column":64}}]},"15":{"type":"branch","line":36,"loc":{"start":{"line":36,"column":59},"end":{"line":37,"column":78}},"locations":[{"start":{"line":36,"column":59},"end":{"line":37,"column":78}}]},"16":{"type":"branch","line":36,"loc":{"start":{"line":36,"column":59},"end":{"line":37,"column":68}},"locations":[{"start":{"line":36,"column":59},"end":{"line":37,"column":68}}]},"17":{"type":"branch","line":37,"loc":{"start":{"line":37,"column":64},"end":{"line":37,"column":78}},"locations":[{"start":{"line":37,"column":64},"end":{"line":37,"column":78}}]},"18":{"type":"branch","line":37,"loc":{"start":{"line":37,"column":68},"end":{"line":37,"column":83}},"locations":[{"start":{"line":37,"column":68},"end":{"line":37,"column":83}}]}},"b":{"0":[12],"1":[2],"2":[2],"3":[0],"4":[4],"5":[2],"6":[2],"7":[32],"8":[17],"9":[2],"10":[15],"11":[14],"12":[4],"13":[10],"14":[4],"15":[12],"16":[6],"17":[5],"18":[1]},"fnMap":{"0":{"name":"motifPieceValueSum","decl":{"start":{"line":4,"column":0},"end":{"line":29,"column":1}},"loc":{"start":{"line":4,"column":0},"end":{"line":29,"column":1}},"line":4},"1":{"name":"rankMotifs","decl":{"start":{"line":31,"column":7},"end":{"line":39,"column":1}},"loc":{"start":{"line":31,"column":7},"end":{"line":39,"column":1}},"line":31}},"f":{"0":12,"1":17}}
,"/Users/alexhu/Documents/GitHub/Blind-Chess-Trainer/packages/chess-core/src/types/motifs.ts": {"path":"/Users/alexhu/Documents/GitHub/Blind-Chess-Trainer/packages/chess-core/src/types/motifs.ts","all":true,"statementMap":{},"s":{},"branchMap":{"0":{"type":"branch","line":1,"loc":{"start":{"line":1,"column":1581},"end":{"line":79,"column":26}},"locations":[{"start":{"line":1,"column":1581},"end":{"line":79,"column":26}}]}},"b":{"0":[1]},"fnMap":{"0":{"name":"(empty-report)","decl":{"start":{"line":1,"column":1581},"end":{"line":79,"column":26}},"loc":{"start":{"line":1,"column":1581},"end":{"line":79,"column":26}},"line":1}},"f":{"0":1}}
}
